     1 00000000                                 [FORMAT "WCOFF"]
     2 00000000                                 [INSTRSET "i486p"]
     3 00000000                                 [OPTIMIZE 1]
     4 00000000                                 [OPTION 1]
     5 00000000                                 [BITS 32]
     6 00000000                                 	EXTERN	_init_gdtidt
     7 00000000                                 	EXTERN	_init_pic
     8 00000000                                 	EXTERN	_io_sti
     9 00000000                                 	EXTERN	_fifo32_init
    10 00000000                                 	EXTERN	_init_pit
    11 00000000                                 	EXTERN	_init_keyboard
    12 00000000                                 	EXTERN	_enable_mouse
    13 00000000                                 	EXTERN	_io_out8
    14 00000000                                 	EXTERN	_timer_alloc
    15 00000000                                 	EXTERN	_timer_init
    16 00000000                                 	EXTERN	_timer_settime
    17 00000000                                 	EXTERN	_memtest
    18 00000000                                 	EXTERN	_memman_init
    19 00000000                                 	EXTERN	_memman_free
    20 00000000                                 	EXTERN	_init_palette
    21 00000000                                 	EXTERN	_shtctl_init
    22 00000000                                 	EXTERN	_sheet_alloc
    23 00000000                                 	EXTERN	_memman_alloc_4k
    24 00000000                                 	EXTERN	_sheet_setbuf
    25 00000000                                 	EXTERN	_init_screen8
    26 00000000                                 	EXTERN	_init_mouse_cursor8
    27 00000000                                 	EXTERN	_sheet_slide
    28 00000000                                 	EXTERN	_sheet_updown
    29 00000000                                 	EXTERN	_sprintf
    30 00000000                                 	EXTERN	_memman_total
    31 00000000                                 	EXTERN	_set_segmdesc
    32 00000000                                 	EXTERN	_load_tr
    33 00000000                                 	EXTERN	_io_cli
    34 00000000                                 	EXTERN	_fifo32_status
    35 00000000                                 	EXTERN	_fifo32_get
    36 00000000                                 	EXTERN	_boxfill8
    37 00000000                                 	EXTERN	_sheet_refresh
    38 00000000                                 	EXTERN	_mouse_decode
    39 00000000                                 	EXTERN	_keytable.0
    40 00000000                                 	EXTERN	_farjmp
    41 00000000                                 	EXTERN	_io_stihlt
    42 00000000                                 	EXTERN	_putfonts8_asc
    43 00000000                                 	EXTERN	_io_hlt
    44 00000000                                 [FILE "bootpack.c"]
    45                                          [SECTION .data]
    46 00000000                                 _keytable.0:
    47 00000000 00                              	DB	0
    48 00000001 00                              	DB	0
    49 00000002 31                              	DB	49
    50 00000003 32                              	DB	50
    51 00000004 33                              	DB	51
    52 00000005 34                              	DB	52
    53 00000006 35                              	DB	53
    54 00000007 36                              	DB	54
    55 00000008 37                              	DB	55
    56 00000009 38                              	DB	56
    57 0000000A 39                              	DB	57
    58 0000000B 30                              	DB	48
    59 0000000C 2D                              	DB	45
    60 0000000D 5E                              	DB	94
    61 0000000E 00                              	DB	0
    62 0000000F 00                              	DB	0
    63 00000010 51                              	DB	81
    64 00000011 57                              	DB	87
    65 00000012 45                              	DB	69
    66 00000013 52                              	DB	82
    67 00000014 54                              	DB	84
    68 00000015 59                              	DB	89
    69 00000016 55                              	DB	85
    70 00000017 49                              	DB	73
    71 00000018 4F                              	DB	79
    72 00000019 50                              	DB	80
    73 0000001A 40                              	DB	64
    74 0000001B 5B                              	DB	91
    75 0000001C 00                              	DB	0
    76 0000001D 00                              	DB	0
    77 0000001E 41                              	DB	65
    78 0000001F 53                              	DB	83
    79 00000020 44                              	DB	68
    80 00000021 46                              	DB	70
    81 00000022 47                              	DB	71
    82 00000023 48                              	DB	72
    83 00000024 4A                              	DB	74
    84 00000025 4B                              	DB	75
    85 00000026 4C                              	DB	76
    86 00000027 3B                              	DB	59
    87 00000028 3A                              	DB	58
    88 00000029 00                              	DB	0
    89 0000002A 00                              	DB	0
    90 0000002B 5D                              	DB	93
    91 0000002C 5A                              	DB	90
    92 0000002D 58                              	DB	88
    93 0000002E 43                              	DB	67
    94 0000002F 56                              	DB	86
    95 00000030 42                              	DB	66
    96 00000031 4E                              	DB	78
    97 00000032 4D                              	DB	77
    98 00000033 2C                              	DB	44
    99 00000034 2E                              	DB	46
   100 00000035 2F                              	DB	47
   101 00000036 00                              	DB	0
   102 00000037 2A                              	DB	42
   103 00000038 00                              	DB	0
   104 00000039 20                              	DB	32
   105 0000003A 00                              	DB	0
   106 0000003B 00                              	DB	0
   107 0000003C 00                              	DB	0
   108 0000003D 00                              	DB	0
   109 0000003E 00                              	DB	0
   110 0000003F 00                              	DB	0
   111 00000040 00                              	DB	0
   112 00000041 00                              	DB	0
   113 00000042 00                              	DB	0
   114 00000043 00                              	DB	0
   115 00000044 00                              	DB	0
   116 00000045 00                              	DB	0
   117 00000046 00                              	DB	0
   118 00000047 37                              	DB	55
   119 00000048 38                              	DB	56
   120 00000049 39                              	DB	57
   121 0000004A 2D                              	DB	45
   122 0000004B 34                              	DB	52
   123 0000004C 35                              	DB	53
   124 0000004D 36                              	DB	54
   125 0000004E 2B                              	DB	43
   126 0000004F 31                              	DB	49
   127 00000050 32                              	DB	50
   128 00000051 33                              	DB	51
   129 00000052 30                              	DB	48
   130 00000053 2E                              	DB	46
   131 00000054                                 LC0:
   132 00000054 77 69 6E 64 6F 77 00            	DB	"window",0x00
   133 0000005B                                 LC1:
   134 0000005B 28 25 64 2C 20 25 64 29 00      	DB	"(%d, %d)",0x00
   135 00000064                                 LC2:
   136 00000064 6D 65 6D 6F 72 79 20 25 64 4D   	DB	"memory %dMB   free : %dKB",0x00
       0000006E 42 20 20 20 66 72 65 65 20 3A 
       00000078 20 25 64 4B 42 00 
   137 0000007E                                 LC8:
   138 0000007E 33 5B 73 65 63 5D 00            	DB	"3[sec]",0x00
   139 00000085                                 LC7:
   140 00000085 31 30 5B 73 65 63 5D 00         	DB	"10[sec]",0x00
   141 0000008D                                 LC5:
   142 0000008D 5B 6C 63 72 20 25 34 64 20 25   	DB	"[lcr %4d %4d]",0x00
       00000097 34 64 5D 00 
   143 0000009B                                 LC6:
   144 0000009B 28 25 33 64 2C 20 25 33 64 29   	DB	"(%3d, %3d)",0x00
       000000A5 00 
   145 000000A6                                 LC3:
   146 000000A6 25 30 32 58 00                  	DB	"%02X",0x00
   147 000000AB                                 LC4:
   148 000000AB 20 00                           	DB	" ",0x00
   149                                          [SECTION .text]
   150 00000000                                 	GLOBAL	_HariMain
   151 00000000                                 _HariMain:
   152 00000000 55                              	PUSH	EBP
   153 00000001 89 E5                           	MOV	EBP,ESP
   154 00000003 57                              	PUSH	EDI
   155 00000004 56                              	PUSH	ESI
   156 00000005 53                              	PUSH	EBX
   157 00000006 8D 75 D4                        	LEA	ESI,DWORD [-44+EBP]
   158 00000009 81 EC 0000046C                  	SUB	ESP,1132
   159 0000000F E8 [00000000]                   	CALL	_init_gdtidt
   160 00000014 E8 [00000000]                   	CALL	_init_pic
   161 00000019 E8 [00000000]                   	CALL	_io_sti
   162 0000001E 8D 85 FFFFFDA4                  	LEA	EAX,DWORD [-604+EBP]
   163 00000024 50                              	PUSH	EAX
   164 00000025 68 00000080                     	PUSH	128
   165 0000002A 56                              	PUSH	ESI
   166 0000002B E8 [00000000]                   	CALL	_fifo32_init
   167 00000030 E8 [00000000]                   	CALL	_init_pit
   168 00000035 68 00000100                     	PUSH	256
   169 0000003A 56                              	PUSH	ESI
   170 0000003B E8 [00000000]                   	CALL	_init_keyboard
   171 00000040 8D 85 FFFFFD94                  	LEA	EAX,DWORD [-620+EBP]
   172 00000046 50                              	PUSH	EAX
   173 00000047 68 00000200                     	PUSH	512
   174 0000004C 56                              	PUSH	ESI
   175 0000004D E8 [00000000]                   	CALL	_enable_mouse
   176 00000052 83 C4 20                        	ADD	ESP,32
   177 00000055 68 000000F8                     	PUSH	248
   178 0000005A 6A 21                           	PUSH	33
   179 0000005C E8 [00000000]                   	CALL	_io_out8
   180 00000061 68 000000EF                     	PUSH	239
   181 00000066 68 000000A1                     	PUSH	161
   182 0000006B E8 [00000000]                   	CALL	_io_out8
   183 00000070 E8 [00000000]                   	CALL	_timer_alloc
   184 00000075 6A 0A                           	PUSH	10
   185 00000077 56                              	PUSH	ESI
   186 00000078 89 C3                           	MOV	EBX,EAX
   187 0000007A 50                              	PUSH	EAX
   188 0000007B E8 [00000000]                   	CALL	_timer_init
   189 00000080 68 000003E8                     	PUSH	1000
   190 00000085 53                              	PUSH	EBX
   191 00000086 E8 [00000000]                   	CALL	_timer_settime
   192 0000008B 83 C4 24                        	ADD	ESP,36
   193 0000008E E8 [00000000]                   	CALL	_timer_alloc
   194 00000093 6A 03                           	PUSH	3
   195 00000095 89 C3                           	MOV	EBX,EAX
   196 00000097 56                              	PUSH	ESI
   197 00000098 50                              	PUSH	EAX
   198 00000099 E8 [00000000]                   	CALL	_timer_init
   199 0000009E 68 0000012C                     	PUSH	300
   200 000000A3 53                              	PUSH	EBX
   201 000000A4 E8 [00000000]                   	CALL	_timer_settime
   202 000000A9 E8 [00000000]                   	CALL	_timer_alloc
   203 000000AE 6A 01                           	PUSH	1
   204 000000B0 56                              	PUSH	ESI
   205 000000B1 50                              	PUSH	EAX
   206 000000B2 89 85 FFFFFBB0                  	MOV	DWORD [-1104+EBP],EAX
   207 000000B8 E8 [00000000]                   	CALL	_timer_init
   208 000000BD 83 C4 20                        	ADD	ESP,32
   209 000000C0 6A 32                           	PUSH	50
   210 000000C2 FF B5 FFFFFBB0                  	PUSH	DWORD [-1104+EBP]
   211 000000C8 E8 [00000000]                   	CALL	_timer_settime
   212 000000CD E8 [00000000]                   	CALL	_timer_alloc
   213 000000D2 6A 02                           	PUSH	2
   214 000000D4 56                              	PUSH	ESI
   215 000000D5 50                              	PUSH	EAX
   216 000000D6 89 85 FFFFFBAC                  	MOV	DWORD [-1108+EBP],EAX
   217 000000DC E8 [00000000]                   	CALL	_timer_init
   218 000000E1 6A 02                           	PUSH	2
   219 000000E3 FF B5 FFFFFBAC                  	PUSH	DWORD [-1108+EBP]
   220 000000E9 E8 [00000000]                   	CALL	_timer_settime
   221 000000EE 68 BFFFFFFF                     	PUSH	-1073741825
   222 000000F3 68 00400000                     	PUSH	4194304
   223 000000F8 E8 [00000000]                   	CALL	_memtest
   224 000000FD 83 C4 24                        	ADD	ESP,36
   225 00000100 68 003C0000                     	PUSH	3932160
   226 00000105 89 85 FFFFFB9C                  	MOV	DWORD [-1124+EBP],EAX
   227 0000010B E8 [00000000]                   	CALL	_memman_init
   228 00000110 68 0009E000                     	PUSH	647168
   229 00000115 68 00001000                     	PUSH	4096
   230 0000011A 68 003C0000                     	PUSH	3932160
   231 0000011F E8 [00000000]                   	CALL	_memman_free
   232 00000124 8B 85 FFFFFB9C                  	MOV	EAX,DWORD [-1124+EBP]
   233 0000012A 2D 00400000                     	SUB	EAX,4194304
   234 0000012F 50                              	PUSH	EAX
   235 00000130 68 00400000                     	PUSH	4194304
   236 00000135 68 003C0000                     	PUSH	3932160
   237 0000013A E8 [00000000]                   	CALL	_memman_free
   238 0000013F E8 [00000000]                   	CALL	_init_palette
   239 00000144 0F BF 05 00000FF6               	MOVSX	EAX,WORD [4086]
   240 0000014B 50                              	PUSH	EAX
   241 0000014C 0F BF 05 00000FF4               	MOVSX	EAX,WORD [4084]
   242 00000153 50                              	PUSH	EAX
   243 00000154 FF 35 00000FF8                  	PUSH	DWORD [4088]
   244 0000015A 68 003C0000                     	PUSH	3932160
   245 0000015F E8 [00000000]                   	CALL	_shtctl_init
   246 00000164 83 C4 2C                        	ADD	ESP,44
   247 00000167 89 C3                           	MOV	EBX,EAX
   248 00000169 50                              	PUSH	EAX
   249 0000016A E8 [00000000]                   	CALL	_sheet_alloc
   250 0000016F 53                              	PUSH	EBX
   251 00000170 89 85 FFFFFB98                  	MOV	DWORD [-1128+EBP],EAX
   252 00000176 E8 [00000000]                   	CALL	_sheet_alloc
   253 0000017B 53                              	PUSH	EBX
   254 0000017C 8D 9D FFFFFC94                  	LEA	EBX,DWORD [-876+EBP]
   255 00000182 89 85 FFFFFB94                  	MOV	DWORD [-1132+EBP],EAX
   256 00000188 E8 [00000000]                   	CALL	_sheet_alloc
   257 0000018D 0F BF 15 00000FF6               	MOVSX	EDX,WORD [4086]
   258 00000194 89 85 FFFFFB90                  	MOV	DWORD [-1136+EBP],EAX
   259 0000019A 0F BF 05 00000FF4               	MOVSX	EAX,WORD [4084]
   260 000001A1 0F AF C2                        	IMUL	EAX,EDX
   261 000001A4 50                              	PUSH	EAX
   262 000001A5 68 003C0000                     	PUSH	3932160
   263 000001AA E8 [00000000]                   	CALL	_memman_alloc_4k
   264 000001AF 68 00002080                     	PUSH	8320
   265 000001B4 68 003C0000                     	PUSH	3932160
   266 000001B9 89 C6                           	MOV	ESI,EAX
   267 000001BB E8 [00000000]                   	CALL	_memman_alloc_4k
   268 000001C0 6A FF                           	PUSH	-1
   269 000001C2 89 C7                           	MOV	EDI,EAX
   270 000001C4 0F BF 05 00000FF6               	MOVSX	EAX,WORD [4086]
   271 000001CB 50                              	PUSH	EAX
   272 000001CC 0F BF 05 00000FF4               	MOVSX	EAX,WORD [4084]
   273 000001D3 50                              	PUSH	EAX
   274 000001D4 56                              	PUSH	ESI
   275 000001D5 FF B5 FFFFFB98                  	PUSH	DWORD [-1128+EBP]
   276 000001DB E8 [00000000]                   	CALL	_sheet_setbuf
   277 000001E0 83 C4 30                        	ADD	ESP,48
   278 000001E3 6A 63                           	PUSH	99
   279 000001E5 6A 10                           	PUSH	16
   280 000001E7 6A 10                           	PUSH	16
   281 000001E9 53                              	PUSH	EBX
   282 000001EA FF B5 FFFFFB94                  	PUSH	DWORD [-1132+EBP]
   283 000001F0 E8 [00000000]                   	CALL	_sheet_setbuf
   284 000001F5 6A FF                           	PUSH	-1
   285 000001F7 6A 34                           	PUSH	52
   286 000001F9 68 000000A0                     	PUSH	160
   287 000001FE 57                              	PUSH	EDI
   288 000001FF FF B5 FFFFFB90                  	PUSH	DWORD [-1136+EBP]
   289 00000205 E8 [00000000]                   	CALL	_sheet_setbuf
   290 0000020A 83 C4 28                        	ADD	ESP,40
   291 0000020D 0F BF 05 00000FF6               	MOVSX	EAX,WORD [4086]
   292 00000214 50                              	PUSH	EAX
   293 00000215 0F BF 05 00000FF4               	MOVSX	EAX,WORD [4084]
   294 0000021C 50                              	PUSH	EAX
   295 0000021D 56                              	PUSH	ESI
   296 0000021E E8 [00000000]                   	CALL	_init_screen8
   297 00000223 6A 63                           	PUSH	99
   298 00000225 53                              	PUSH	EBX
   299 00000226 BB 00000002                     	MOV	EBX,2
   300 0000022B E8 [00000000]                   	CALL	_init_mouse_cursor8
   301 00000230 68 [00000054]                   	PUSH	LC0
   302 00000235 6A 34                           	PUSH	52
   303 00000237 68 000000A0                     	PUSH	160
   304 0000023C 57                              	PUSH	EDI
   305 0000023D E8 000005CB                     	CALL	_make_window8
   306 00000242 83 C4 24                        	ADD	ESP,36
   307 00000245 6A 07                           	PUSH	7
   308 00000247 6A 10                           	PUSH	16
   309 00000249 68 00000090                     	PUSH	144
   310 0000024E 6A 1C                           	PUSH	28
   311 00000250 6A 08                           	PUSH	8
   312 00000252 FF B5 FFFFFB90                  	PUSH	DWORD [-1136+EBP]
   313 00000258 E8 000007A3                     	CALL	_make_textbox8
   314 0000025D 6A 00                           	PUSH	0
   315 0000025F 6A 00                           	PUSH	0
   316 00000261 FF B5 FFFFFB98                  	PUSH	DWORD [-1128+EBP]
   317 00000267 C7 85 FFFFFBA4 00000008         	MOV	DWORD [-1116+EBP],8
   318 00000271 C7 85 FFFFFBA0 00000007         	MOV	DWORD [-1120+EBP],7
   319 0000027B E8 [00000000]                   	CALL	_sheet_slide
   320 00000280 83 C4 24                        	ADD	ESP,36
   321 00000283 0F BF 05 00000FF4               	MOVSX	EAX,WORD [4084]
   322 0000028A 8D 48 F0                        	LEA	ECX,DWORD [-16+EAX]
   323 0000028D 89 C8                           	MOV	EAX,ECX
   324 0000028F 99                              	CDQ
   325 00000290 F7 FB                           	IDIV	EBX
   326 00000292 89 85 FFFFFBA8                  	MOV	DWORD [-1112+EBP],EAX
   327 00000298 0F BF 05 00000FF6               	MOVSX	EAX,WORD [4086]
   328 0000029F 8D 48 D4                        	LEA	ECX,DWORD [-44+EAX]
   329 000002A2 89 C8                           	MOV	EAX,ECX
   330 000002A4 99                              	CDQ
   331 000002A5 F7 FB                           	IDIV	EBX
   332 000002A7 50                              	PUSH	EAX
   333 000002A8 89 C7                           	MOV	EDI,EAX
   334 000002AA FF B5 FFFFFBA8                  	PUSH	DWORD [-1112+EBP]
   335 000002B0 FF B5 FFFFFB94                  	PUSH	DWORD [-1132+EBP]
   336 000002B6 8D 5D A4                        	LEA	EBX,DWORD [-92+EBP]
   337 000002B9 E8 [00000000]                   	CALL	_sheet_slide
   338 000002BE 6A 48                           	PUSH	72
   339 000002C0 6A 50                           	PUSH	80
   340 000002C2 FF B5 FFFFFB90                  	PUSH	DWORD [-1136+EBP]
   341 000002C8 E8 [00000000]                   	CALL	_sheet_slide
   342 000002CD 6A 00                           	PUSH	0
   343 000002CF FF B5 FFFFFB98                  	PUSH	DWORD [-1128+EBP]
   344 000002D5 E8 [00000000]                   	CALL	_sheet_updown
   345 000002DA 83 C4 20                        	ADD	ESP,32
   346 000002DD 6A 01                           	PUSH	1
   347 000002DF FF B5 FFFFFB90                  	PUSH	DWORD [-1136+EBP]
   348 000002E5 E8 [00000000]                   	CALL	_sheet_updown
   349 000002EA 6A 02                           	PUSH	2
   350 000002EC FF B5 FFFFFB94                  	PUSH	DWORD [-1132+EBP]
   351 000002F2 E8 [00000000]                   	CALL	_sheet_updown
   352 000002F7 57                              	PUSH	EDI
   353 000002F8 FF B5 FFFFFBA8                  	PUSH	DWORD [-1112+EBP]
   354 000002FE 68 [0000005B]                   	PUSH	LC1
   355 00000303 53                              	PUSH	EBX
   356 00000304 E8 [00000000]                   	CALL	_sprintf
   357 00000309 83 C4 20                        	ADD	ESP,32
   358 0000030C 6A 0A                           	PUSH	10
   359 0000030E 53                              	PUSH	EBX
   360 0000030F 6A 0E                           	PUSH	14
   361 00000311 6A 07                           	PUSH	7
   362 00000313 6A 00                           	PUSH	0
   363 00000315 6A 00                           	PUSH	0
   364 00000317 FF B5 FFFFFB98                  	PUSH	DWORD [-1128+EBP]
   365 0000031D E8 00000657                     	CALL	_putfonts8_asc_sht
   366 00000322 68 003C0000                     	PUSH	3932160
   367 00000327 E8 [00000000]                   	CALL	_memman_total
   368 0000032C C1 AD FFFFFB9C 14               	SHR	DWORD [-1124+EBP],20
   369 00000333 C1 E8 0A                        	SHR	EAX,10
   370 00000336 89 04 24                        	MOV	DWORD [ESP],EAX
   371 00000339 FF B5 FFFFFB9C                  	PUSH	DWORD [-1124+EBP]
   372 0000033F 68 [00000064]                   	PUSH	LC2
   373 00000344 53                              	PUSH	EBX
   374 00000345 E8 [00000000]                   	CALL	_sprintf
   375 0000034A 83 C4 2C                        	ADD	ESP,44
   376 0000034D 6A 28                           	PUSH	40
   377 0000034F 53                              	PUSH	EBX
   378 00000350 6A 0E                           	PUSH	14
   379 00000352 6A 07                           	PUSH	7
   380 00000354 6A 20                           	PUSH	32
   381 00000356 6A 00                           	PUSH	0
   382 00000358 FF B5 FFFFFB98                  	PUSH	DWORD [-1128+EBP]
   383 0000035E E8 00000616                     	CALL	_putfonts8_asc_sht
   384 00000363 8D 85 FFFFFC24                  	LEA	EAX,DWORD [-988+EBP]
   385 00000369 68 00000089                     	PUSH	137
   386 0000036E 50                              	PUSH	EAX
   387 0000036F 6A 67                           	PUSH	103
   388 00000371 68 00270018                     	PUSH	2555928
   389 00000376 C7 85 FFFFFC84 00000000         	MOV	DWORD [-892+EBP],0
   390 00000380 C7 85 FFFFFC88 40000000         	MOV	DWORD [-888+EBP],1073741824
   391 0000038A C7 85 FFFFFC14 00000000         	MOV	DWORD [-1004+EBP],0
   392 00000394 C7 85 FFFFFC18 40000000         	MOV	DWORD [-1000+EBP],1073741824
   393 0000039E E8 [00000000]                   	CALL	_set_segmdesc
   394 000003A3 8D 85 FFFFFBB4                  	LEA	EAX,DWORD [-1100+EBP]
   395 000003A9 83 C4 2C                        	ADD	ESP,44
   396 000003AC 68 00000089                     	PUSH	137
   397 000003B1 50                              	PUSH	EAX
   398 000003B2 6A 67                           	PUSH	103
   399 000003B4 68 00270020                     	PUSH	2555936
   400 000003B9 E8 [00000000]                   	CALL	_set_segmdesc
   401 000003BE 6A 18                           	PUSH	24
   402 000003C0 E8 [00000000]                   	CALL	_load_tr
   403 000003C5 68 00010000                     	PUSH	65536
   404 000003CA 68 003C0000                     	PUSH	3932160
   405 000003CF E8 [00000000]                   	CALL	_memman_alloc_4k
   406 000003D4 05 00010000                     	ADD	EAX,65536
   407 000003D9 C7 85 FFFFFBD4 [00000B36]       	MOV	DWORD [-1068+EBP],_task_b_main
   408 000003E3 C7 85 FFFFFBD8 00000202         	MOV	DWORD [-1064+EBP],514
   409 000003ED C7 85 FFFFFBDC 00000000         	MOV	DWORD [-1060+EBP],0
   410 000003F7 C7 85 FFFFFBE0 00000000         	MOV	DWORD [-1056+EBP],0
   411 00000401 C7 85 FFFFFBE4 00000000         	MOV	DWORD [-1052+EBP],0
   412 0000040B C7 85 FFFFFBE8 00000000         	MOV	DWORD [-1048+EBP],0
   413 00000415 89 85 FFFFFBEC                  	MOV	DWORD [-1044+EBP],EAX
   414 0000041B C7 85 FFFFFBF0 00000000         	MOV	DWORD [-1040+EBP],0
   415 00000425 C7 85 FFFFFBF4 00000000         	MOV	DWORD [-1036+EBP],0
   416 0000042F C7 85 FFFFFBF8 00000000         	MOV	DWORD [-1032+EBP],0
   417 00000439 C7 85 FFFFFBFC 00000008         	MOV	DWORD [-1028+EBP],8
   418 00000443 C7 85 FFFFFC00 00000010         	MOV	DWORD [-1024+EBP],16
   419 0000044D C7 85 FFFFFC04 00000008         	MOV	DWORD [-1020+EBP],8
   420 00000457 C7 85 FFFFFC08 00000008         	MOV	DWORD [-1016+EBP],8
   421 00000461 C7 85 FFFFFC0C 00000008         	MOV	DWORD [-1012+EBP],8
   422 0000046B C7 85 FFFFFC10 00000008         	MOV	DWORD [-1008+EBP],8
   423 00000475                                 L31:
   424 00000475 83 C4 1C                        	ADD	ESP,28
   425 00000478                                 L2:
   426 00000478 8D 75 D4                        	LEA	ESI,DWORD [-44+EBP]
   427 0000047B E8 [00000000]                   	CALL	_io_cli
   428 00000480 56                              	PUSH	ESI
   429 00000481 E8 [00000000]                   	CALL	_fifo32_status
   430 00000486 5A                              	POP	EDX
   431 00000487 85 C0                           	TEST	EAX,EAX
   432 00000489 0F 84 00000374                  	JE	L34
   433 0000048F 56                              	PUSH	ESI
   434 00000490 E8 [00000000]                   	CALL	_fifo32_get
   435 00000495 89 C3                           	MOV	EBX,EAX
   436 00000497 E8 [00000000]                   	CALL	_io_sti
   437 0000049C 58                              	POP	EAX
   438 0000049D 83 FB 02                        	CMP	EBX,2
   439 000004A0 0F 84 0000033F                  	JE	L35
   440 000004A6                                 L7:
   441 000004A6 8D 83 FFFFFF00                  	LEA	EAX,DWORD [-256+EBX]
   442 000004AC 3D 000000FF                     	CMP	EAX,255
   443 000004B1 0F 86 00000233                  	JBE	L36
   444 000004B7 8D 83 FFFFFE00                  	LEA	EAX,DWORD [-512+EBX]
   445 000004BD 3D 000000FF                     	CMP	EAX,255
   446 000004C2 0F 86 000000E2                  	JBE	L37
   447 000004C8 83 FB 0A                        	CMP	EBX,10
   448 000004CB 0F 84 000000CA                  	JE	L38
   449 000004D1 83 FB 03                        	CMP	EBX,3
   450 000004D4 0F 84 000000A2                  	JE	L39
   451 000004DA 83 FB 01                        	CMP	EBX,1
   452 000004DD 7F 99                           	JG	L2
   453 000004DF 85 DB                           	TEST	EBX,EBX
   454 000004E1 74 7C                           	JE	L29
   455 000004E3 6A 00                           	PUSH	0
   456 000004E5 56                              	PUSH	ESI
   457 000004E6 FF B5 FFFFFBB0                  	PUSH	DWORD [-1104+EBP]
   458 000004EC E8 [00000000]                   	CALL	_timer_init
   459 000004F1 C7 85 FFFFFBA0 00000000         	MOV	DWORD [-1120+EBP],0
   460 000004FB                                 L33:
   461 000004FB 83 C4 0C                        	ADD	ESP,12
   462 000004FE 6A 32                           	PUSH	50
   463 00000500 FF B5 FFFFFBB0                  	PUSH	DWORD [-1104+EBP]
   464 00000506 E8 [00000000]                   	CALL	_timer_settime
   465 0000050B 8B 95 FFFFFB90                  	MOV	EDX,DWORD [-1136+EBP]
   466 00000511 8B 85 FFFFFBA4                  	MOV	EAX,DWORD [-1116+EBP]
   467 00000517 6A 2B                           	PUSH	43
   468 00000519 83 C0 07                        	ADD	EAX,7
   469 0000051C 50                              	PUSH	EAX
   470 0000051D 6A 1C                           	PUSH	28
   471 0000051F FF B5 FFFFFBA4                  	PUSH	DWORD [-1116+EBP]
   472 00000525 FF B5 FFFFFBA0                  	PUSH	DWORD [-1120+EBP]
   473 0000052B FF 72 04                        	PUSH	DWORD [4+EDX]
   474 0000052E FF 32                           	PUSH	DWORD [EDX]
   475 00000530 E8 [00000000]                   	CALL	_boxfill8
   476 00000535 8B 85 FFFFFBA4                  	MOV	EAX,DWORD [-1116+EBP]
   477 0000053B 83 C4 24                        	ADD	ESP,36
   478 0000053E 83 C0 08                        	ADD	EAX,8
   479 00000541 6A 2C                           	PUSH	44
   480 00000543 50                              	PUSH	EAX
   481 00000544 6A 1C                           	PUSH	28
   482 00000546 FF B5 FFFFFBA4                  	PUSH	DWORD [-1116+EBP]
   483 0000054C FF B5 FFFFFB90                  	PUSH	DWORD [-1136+EBP]
   484 00000552 E8 [00000000]                   	CALL	_sheet_refresh
   485 00000557 83 C4 14                        	ADD	ESP,20
   486 0000055A E9 FFFFFF19                     	JMP	L2
   487 0000055F                                 L29:
   488 0000055F 6A 01                           	PUSH	1
   489 00000561 56                              	PUSH	ESI
   490 00000562 FF B5 FFFFFBB0                  	PUSH	DWORD [-1104+EBP]
   491 00000568 E8 [00000000]                   	CALL	_timer_init
   492 0000056D C7 85 FFFFFBA0 00000007         	MOV	DWORD [-1120+EBP],7
   493 00000577 E9 FFFFFF7F                     	JMP	L33
   494 0000057C                                 L39:
   495 0000057C 6A 06                           	PUSH	6
   496 0000057E 68 [0000007E]                   	PUSH	LC8
   497 00000583 6A 0E                           	PUSH	14
   498 00000585 6A 07                           	PUSH	7
   499 00000587 6A 50                           	PUSH	80
   500 00000589                                 L32:
   501 00000589 6A 00                           	PUSH	0
   502 0000058B FF B5 FFFFFB98                  	PUSH	DWORD [-1128+EBP]
   503 00000591 E8 000003E3                     	CALL	_putfonts8_asc_sht
   504 00000596 E9 FFFFFEDA                     	JMP	L31
   505 0000059B                                 L38:
   506 0000059B 6A 07                           	PUSH	7
   507 0000059D 68 [00000085]                   	PUSH	LC7
   508 000005A2 6A 0E                           	PUSH	14
   509 000005A4 6A 07                           	PUSH	7
   510 000005A6 6A 40                           	PUSH	64
   511 000005A8 EB DF                           	JMP	L32
   512 000005AA                                 L37:
   513 000005AA 0F B6 C3                        	MOVZX	EAX,BL
   514 000005AD 50                              	PUSH	EAX
   515 000005AE 8D 85 FFFFFD94                  	LEA	EAX,DWORD [-620+EBP]
   516 000005B4 50                              	PUSH	EAX
   517 000005B5 E8 [00000000]                   	CALL	_mouse_decode
   518 000005BA 5A                              	POP	EDX
   519 000005BB 59                              	POP	ECX
   520 000005BC 85 C0                           	TEST	EAX,EAX
   521 000005BE 0F 84 FFFFFEB4                  	JE	L2
   522 000005C4 FF B5 FFFFFD9C                  	PUSH	DWORD [-612+EBP]
   523 000005CA FF B5 FFFFFD98                  	PUSH	DWORD [-616+EBP]
   524 000005D0 68 [0000008D]                   	PUSH	LC5
   525 000005D5 8D 5D A4                        	LEA	EBX,DWORD [-92+EBP]
   526 000005D8 53                              	PUSH	EBX
   527 000005D9 E8 [00000000]                   	CALL	_sprintf
   528 000005DE 83 C4 10                        	ADD	ESP,16
   529 000005E1 8B 85 FFFFFDA0                  	MOV	EAX,DWORD [-608+EBP]
   530 000005E7 A9 00000001                     	TEST	EAX,1
   531 000005EC 74 04                           	JE	L15
   532 000005EE C6 45 A5 4C                     	MOV	BYTE [-91+EBP],76
   533 000005F2                                 L15:
   534 000005F2 A9 00000002                     	TEST	EAX,2
   535 000005F7 74 04                           	JE	L16
   536 000005F9 C6 45 A7 52                     	MOV	BYTE [-89+EBP],82
   537 000005FD                                 L16:
   538 000005FD 83 E0 04                        	AND	EAX,4
   539 00000600 74 04                           	JE	L17
   540 00000602 C6 45 A6 43                     	MOV	BYTE [-90+EBP],67
   541 00000606                                 L17:
   542 00000606 6A 0F                           	PUSH	15
   543 00000608 53                              	PUSH	EBX
   544 00000609 6A 0E                           	PUSH	14
   545 0000060B 6A 07                           	PUSH	7
   546 0000060D 6A 10                           	PUSH	16
   547 0000060F 6A 20                           	PUSH	32
   548 00000611 FF B5 FFFFFB98                  	PUSH	DWORD [-1128+EBP]
   549 00000617 E8 0000035D                     	CALL	_putfonts8_asc_sht
   550 0000061C 8B 85 FFFFFD98                  	MOV	EAX,DWORD [-616+EBP]
   551 00000622 03 BD FFFFFD9C                  	ADD	EDI,DWORD [-612+EBP]
   552 00000628 83 C4 1C                        	ADD	ESP,28
   553 0000062B 01 85 FFFFFBA8                  	ADD	DWORD [-1112+EBP],EAX
   554 00000631 0F 88 000000A4                  	JS	L40
   555 00000637                                 L18:
   556 00000637 85 FF                           	TEST	EDI,EDI
   557 00000639 0F 88 00000095                  	JS	L41
   558 0000063F                                 L19:
   559 0000063F 0F BF 05 00000FF4               	MOVSX	EAX,WORD [4084]
   560 00000646 48                              	DEC	EAX
   561 00000647 39 85 FFFFFBA8                  	CMP	DWORD [-1112+EBP],EAX
   562 0000064D 7E 06                           	JLE	L20
   563 0000064F 89 85 FFFFFBA8                  	MOV	DWORD [-1112+EBP],EAX
   564 00000655                                 L20:
   565 00000655 0F BF 05 00000FF6               	MOVSX	EAX,WORD [4086]
   566 0000065C 48                              	DEC	EAX
   567 0000065D 39 C7                           	CMP	EDI,EAX
   568 0000065F 7E 02                           	JLE	L21
   569 00000661 89 C7                           	MOV	EDI,EAX
   570 00000663                                 L21:
   571 00000663 57                              	PUSH	EDI
   572 00000664 FF B5 FFFFFBA8                  	PUSH	DWORD [-1112+EBP]
   573 0000066A 68 [0000009B]                   	PUSH	LC6
   574 0000066F 53                              	PUSH	EBX
   575 00000670 E8 [00000000]                   	CALL	_sprintf
   576 00000675 6A 0A                           	PUSH	10
   577 00000677 53                              	PUSH	EBX
   578 00000678 6A 0E                           	PUSH	14
   579 0000067A 6A 07                           	PUSH	7
   580 0000067C 6A 00                           	PUSH	0
   581 0000067E 6A 00                           	PUSH	0
   582 00000680 FF B5 FFFFFB98                  	PUSH	DWORD [-1128+EBP]
   583 00000686 E8 000002EE                     	CALL	_putfonts8_asc_sht
   584 0000068B 83 C4 2C                        	ADD	ESP,44
   585 0000068E 57                              	PUSH	EDI
   586 0000068F FF B5 FFFFFBA8                  	PUSH	DWORD [-1112+EBP]
   587 00000695 FF B5 FFFFFB94                  	PUSH	DWORD [-1132+EBP]
   588 0000069B E8 [00000000]                   	CALL	_sheet_slide
   589 000006A0 83 C4 0C                        	ADD	ESP,12
   590 000006A3 F7 85 FFFFFDA0 00000001         	TEST	DWORD [-608+EBP],1
   591 000006AD 0F 84 FFFFFDC5                  	JE	L2
   592 000006B3 8D 47 F8                        	LEA	EAX,DWORD [-8+EDI]
   593 000006B6 50                              	PUSH	EAX
   594 000006B7 8B 85 FFFFFBA8                  	MOV	EAX,DWORD [-1112+EBP]
   595 000006BD 83 E8 50                        	SUB	EAX,80
   596 000006C0 50                              	PUSH	EAX
   597 000006C1 FF B5 FFFFFB90                  	PUSH	DWORD [-1136+EBP]
   598 000006C7 E8 [00000000]                   	CALL	_sheet_slide
   599 000006CC 83 C4 0C                        	ADD	ESP,12
   600 000006CF E9 FFFFFDA4                     	JMP	L2
   601 000006D4                                 L41:
   602 000006D4 31 FF                           	XOR	EDI,EDI
   603 000006D6 E9 FFFFFF64                     	JMP	L19
   604 000006DB                                 L40:
   605 000006DB C7 85 FFFFFBA8 00000000         	MOV	DWORD [-1112+EBP],0
   606 000006E5 E9 FFFFFF4D                     	JMP	L18
   607 000006EA                                 L36:
   608 000006EA 50                              	PUSH	EAX
   609 000006EB 8D 75 A4                        	LEA	ESI,DWORD [-92+EBP]
   610 000006EE 68 [000000A6]                   	PUSH	LC3
   611 000006F3 56                              	PUSH	ESI
   612 000006F4 E8 [00000000]                   	CALL	_sprintf
   613 000006F9 6A 02                           	PUSH	2
   614 000006FB 56                              	PUSH	ESI
   615 000006FC 6A 0E                           	PUSH	14
   616 000006FE 6A 07                           	PUSH	7
   617 00000700 6A 10                           	PUSH	16
   618 00000702 6A 00                           	PUSH	0
   619 00000704 FF B5 FFFFFB98                  	PUSH	DWORD [-1128+EBP]
   620 0000070A E8 0000026A                     	CALL	_putfonts8_asc_sht
   621 0000070F 83 C4 28                        	ADD	ESP,40
   622 00000712 81 FB 00000153                  	CMP	EBX,339
   623 00000718 7F 41                           	JG	L9
   624 0000071A 8A 83 [FFFFFF00]                	MOV	AL,BYTE [_keytable.0-256+EBX]
   625 00000720 84 C0                           	TEST	AL,AL
   626 00000722 74 37                           	JE	L9
   627 00000724 81 BD FFFFFBA4 0000008F         	CMP	DWORD [-1116+EBP],143
   628 0000072E 7F 2B                           	JG	L9
   629 00000730 6A 01                           	PUSH	1
   630 00000732 88 45 A4                        	MOV	BYTE [-92+EBP],AL
   631 00000735 56                              	PUSH	ESI
   632 00000736 6A 07                           	PUSH	7
   633 00000738 6A 00                           	PUSH	0
   634 0000073A 6A 1C                           	PUSH	28
   635 0000073C FF B5 FFFFFBA4                  	PUSH	DWORD [-1116+EBP]
   636 00000742 FF B5 FFFFFB90                  	PUSH	DWORD [-1136+EBP]
   637 00000748 C6 45 A5 00                     	MOV	BYTE [-91+EBP],0
   638 0000074C E8 00000228                     	CALL	_putfonts8_asc_sht
   639 00000751 83 C4 1C                        	ADD	ESP,28
   640 00000754 83 85 FFFFFBA4 08               	ADD	DWORD [-1116+EBP],8
   641 0000075B                                 L9:
   642 0000075B 81 FB 0000010E                  	CMP	EBX,270
   643 00000761 74 4C                           	JE	L42
   644 00000763                                 L11:
   645 00000763 8B 85 FFFFFBA4                  	MOV	EAX,DWORD [-1116+EBP]
   646 00000769 6A 2B                           	PUSH	43
   647 0000076B 83 C0 07                        	ADD	EAX,7
   648 0000076E 8B 9D FFFFFB90                  	MOV	EBX,DWORD [-1136+EBP]
   649 00000774 50                              	PUSH	EAX
   650 00000775 6A 1C                           	PUSH	28
   651 00000777 FF B5 FFFFFBA4                  	PUSH	DWORD [-1116+EBP]
   652 0000077D FF B5 FFFFFBA0                  	PUSH	DWORD [-1120+EBP]
   653 00000783 FF 73 04                        	PUSH	DWORD [4+EBX]
   654 00000786 FF 33                           	PUSH	DWORD [EBX]
   655 00000788 E8 [00000000]                   	CALL	_boxfill8
   656 0000078D 8B 85 FFFFFBA4                  	MOV	EAX,DWORD [-1116+EBP]
   657 00000793 6A 2C                           	PUSH	44
   658 00000795 83 C0 08                        	ADD	EAX,8
   659 00000798 50                              	PUSH	EAX
   660 00000799 6A 1C                           	PUSH	28
   661 0000079B FF B5 FFFFFBA4                  	PUSH	DWORD [-1116+EBP]
   662 000007A1 53                              	PUSH	EBX
   663 000007A2 E8 [00000000]                   	CALL	_sheet_refresh
   664 000007A7 83 C4 30                        	ADD	ESP,48
   665 000007AA E9 FFFFFCC9                     	JMP	L2
   666 000007AF                                 L42:
   667 000007AF 83 BD FFFFFBA4 08               	CMP	DWORD [-1116+EBP],8
   668 000007B6 7E AB                           	JLE	L11
   669 000007B8 6A 01                           	PUSH	1
   670 000007BA 68 [000000AB]                   	PUSH	LC4
   671 000007BF 6A 07                           	PUSH	7
   672 000007C1 6A 00                           	PUSH	0
   673 000007C3 6A 1C                           	PUSH	28
   674 000007C5 FF B5 FFFFFBA4                  	PUSH	DWORD [-1116+EBP]
   675 000007CB FF B5 FFFFFB90                  	PUSH	DWORD [-1136+EBP]
   676 000007D1 E8 000001A3                     	CALL	_putfonts8_asc_sht
   677 000007D6 83 C4 1C                        	ADD	ESP,28
   678 000007D9 83 AD FFFFFBA4 08               	SUB	DWORD [-1116+EBP],8
   679 000007E0 E9 FFFFFF7E                     	JMP	L11
   680 000007E5                                 L35:
   681 000007E5 6A 20                           	PUSH	32
   682 000007E7 6A 00                           	PUSH	0
   683 000007E9 E8 [00000000]                   	CALL	_farjmp
   684 000007EE 6A 02                           	PUSH	2
   685 000007F0 FF B5 FFFFFBAC                  	PUSH	DWORD [-1108+EBP]
   686 000007F6 E8 [00000000]                   	CALL	_timer_settime
   687 000007FB 83 C4 10                        	ADD	ESP,16
   688 000007FE E9 FFFFFCA3                     	JMP	L7
   689 00000803                                 L34:
   690 00000803 E8 [00000000]                   	CALL	_io_stihlt
   691 00000808 E9 FFFFFC6B                     	JMP	L2
   692                                          [SECTION .data]
   693 000000AD                                 _closebtn.1:
   694 000000AD 4F 4F 4F 4F 4F 4F 4F 4F 4F 4F   	DB	"OOOOOOOOOOOOOOO@"
       000000B7 4F 4F 4F 4F 4F 40 
   695 000000BD 4F 51 51 51 51 51 51 51 51 51   	DB	"OQQQQQQQQQQQQQ$@"
       000000C7 51 51 51 51 24 40 
   696 000000CD 4F 51 51 51 51 51 51 51 51 51   	DB	"OQQQQQQQQQQQQQ$@"
       000000D7 51 51 51 51 24 40 
   697 000000DD 4F 51 51 51 40 40 51 51 51 51   	DB	"OQQQ@@QQQQ@@QQ$@"
       000000E7 40 40 51 51 24 40 
   698 000000ED 4F 51 51 51 51 40 40 51 51 40   	DB	"OQQQQ@@QQ@@QQQ$@"
       000000F7 40 51 51 51 24 40 
   699 000000FD 4F 51 51 51 51 51 40 40 40 40   	DB	"OQQQQQ@@@@QQQQ$@"
       00000107 51 51 51 51 24 40 
   700 0000010D 4F 51 51 51 51 51 51 40 40 51   	DB	"OQQQQQQ@@QQQQQ$@"
       00000117 51 51 51 51 24 40 
   701 0000011D 4F 51 51 51 51 51 40 40 40 40   	DB	"OQQQQQ@@@@QQQQ$@"
       00000127 51 51 51 51 24 40 
   702 0000012D 4F 51 51 51 51 40 40 51 51 40   	DB	"OQQQQ@@QQ@@QQQ$@"
       00000137 40 51 51 51 24 40 
   703 0000013D 4F 51 51 51 40 40 51 51 51 51   	DB	"OQQQ@@QQQQ@@QQ$@"
       00000147 40 40 51 51 24 40 
   704 0000014D 4F 51 51 51 51 51 51 51 51 51   	DB	"OQQQQQQQQQQQQQ$@"
       00000157 51 51 51 51 24 40 
   705 0000015D 4F 51 51 51 51 51 51 51 51 51   	DB	"OQQQQQQQQQQQQQ$@"
       00000167 51 51 51 51 24 40 
   706 0000016D 4F 24 24 24 24 24 24 24 24 24   	DB	"O$$$$$$$$$$$$$$@"
       00000177 24 24 24 24 24 40 
   707 0000017D 40 40 40 40 40 40 40 40 40 40   	DB	"@@@@@@@@@@@@@@@@"
       00000187 40 40 40 40 40 40 
   708                                          [SECTION .text]
   709 0000080D                                 	GLOBAL	_make_window8
   710 0000080D                                 _make_window8:
   711 0000080D 55                              	PUSH	EBP
   712 0000080E 89 E5                           	MOV	EBP,ESP
   713 00000810 57                              	PUSH	EDI
   714 00000811 56                              	PUSH	ESI
   715 00000812 53                              	PUSH	EBX
   716 00000813 83 EC 14                        	SUB	ESP,20
   717 00000816 8B 5D 0C                        	MOV	EBX,DWORD [12+EBP]
   718 00000819 6A 00                           	PUSH	0
   719 0000081B 8D 43 FF                        	LEA	EAX,DWORD [-1+EBX]
   720 0000081E 8D 7B FE                        	LEA	EDI,DWORD [-2+EBX]
   721 00000821 50                              	PUSH	EAX
   722 00000822 89 45 EC                        	MOV	DWORD [-20+EBP],EAX
   723 00000825 6A 00                           	PUSH	0
   724 00000827 6A 00                           	PUSH	0
   725 00000829 6A 08                           	PUSH	8
   726 0000082B 53                              	PUSH	EBX
   727 0000082C FF 75 08                        	PUSH	DWORD [8+EBP]
   728 0000082F E8 [00000000]                   	CALL	_boxfill8
   729 00000834 6A 01                           	PUSH	1
   730 00000836 57                              	PUSH	EDI
   731 00000837 6A 01                           	PUSH	1
   732 00000839 6A 01                           	PUSH	1
   733 0000083B 6A 07                           	PUSH	7
   734 0000083D 53                              	PUSH	EBX
   735 0000083E FF 75 08                        	PUSH	DWORD [8+EBP]
   736 00000841 E8 [00000000]                   	CALL	_boxfill8
   737 00000846 8B 55 10                        	MOV	EDX,DWORD [16+EBP]
   738 00000849 83 C4 38                        	ADD	ESP,56
   739 0000084C 4A                              	DEC	EDX
   740 0000084D 89 55 E8                        	MOV	DWORD [-24+EBP],EDX
   741 00000850 52                              	PUSH	EDX
   742 00000851 6A 00                           	PUSH	0
   743 00000853 6A 00                           	PUSH	0
   744 00000855 6A 00                           	PUSH	0
   745 00000857 6A 08                           	PUSH	8
   746 00000859 53                              	PUSH	EBX
   747 0000085A FF 75 08                        	PUSH	DWORD [8+EBP]
   748 0000085D E8 [00000000]                   	CALL	_boxfill8
   749 00000862 8B 75 10                        	MOV	ESI,DWORD [16+EBP]
   750 00000865 83 EE 02                        	SUB	ESI,2
   751 00000868 56                              	PUSH	ESI
   752 00000869 6A 01                           	PUSH	1
   753 0000086B 6A 01                           	PUSH	1
   754 0000086D 6A 01                           	PUSH	1
   755 0000086F 6A 07                           	PUSH	7
   756 00000871 53                              	PUSH	EBX
   757 00000872 FF 75 08                        	PUSH	DWORD [8+EBP]
   758 00000875 E8 [00000000]                   	CALL	_boxfill8
   759 0000087A 83 C4 38                        	ADD	ESP,56
   760 0000087D 56                              	PUSH	ESI
   761 0000087E 57                              	PUSH	EDI
   762 0000087F 6A 01                           	PUSH	1
   763 00000881 57                              	PUSH	EDI
   764 00000882 6A 0F                           	PUSH	15
   765 00000884 53                              	PUSH	EBX
   766 00000885 FF 75 08                        	PUSH	DWORD [8+EBP]
   767 00000888 E8 [00000000]                   	CALL	_boxfill8
   768 0000088D FF 75 E8                        	PUSH	DWORD [-24+EBP]
   769 00000890 FF 75 EC                        	PUSH	DWORD [-20+EBP]
   770 00000893 6A 00                           	PUSH	0
   771 00000895 FF 75 EC                        	PUSH	DWORD [-20+EBP]
   772 00000898 6A 00                           	PUSH	0
   773 0000089A 53                              	PUSH	EBX
   774 0000089B FF 75 08                        	PUSH	DWORD [8+EBP]
   775 0000089E E8 [00000000]                   	CALL	_boxfill8
   776 000008A3 8B 45 10                        	MOV	EAX,DWORD [16+EBP]
   777 000008A6 83 C4 38                        	ADD	ESP,56
   778 000008A9 83 E8 03                        	SUB	EAX,3
   779 000008AC 50                              	PUSH	EAX
   780 000008AD 8D 43 FD                        	LEA	EAX,DWORD [-3+EBX]
   781 000008B0 50                              	PUSH	EAX
   782 000008B1 6A 02                           	PUSH	2
   783 000008B3 6A 02                           	PUSH	2
   784 000008B5 6A 08                           	PUSH	8
   785 000008B7 53                              	PUSH	EBX
   786 000008B8 FF 75 08                        	PUSH	DWORD [8+EBP]
   787 000008BB E8 [00000000]                   	CALL	_boxfill8
   788 000008C0 8D 43 FC                        	LEA	EAX,DWORD [-4+EBX]
   789 000008C3 6A 14                           	PUSH	20
   790 000008C5 50                              	PUSH	EAX
   791 000008C6 6A 03                           	PUSH	3
   792 000008C8 6A 03                           	PUSH	3
   793 000008CA 6A 0C                           	PUSH	12
   794 000008CC 53                              	PUSH	EBX
   795 000008CD FF 75 08                        	PUSH	DWORD [8+EBP]
   796 000008D0 E8 [00000000]                   	CALL	_boxfill8
   797 000008D5 83 C4 38                        	ADD	ESP,56
   798 000008D8 56                              	PUSH	ESI
   799 000008D9 57                              	PUSH	EDI
   800 000008DA 56                              	PUSH	ESI
   801 000008DB 6A 01                           	PUSH	1
   802 000008DD 6A 0F                           	PUSH	15
   803 000008DF 53                              	PUSH	EBX
   804 000008E0 FF 75 08                        	PUSH	DWORD [8+EBP]
   805 000008E3 E8 [00000000]                   	CALL	_boxfill8
   806 000008E8 FF 75 E8                        	PUSH	DWORD [-24+EBP]
   807 000008EB FF 75 EC                        	PUSH	DWORD [-20+EBP]
   808 000008EE FF 75 E8                        	PUSH	DWORD [-24+EBP]
   809 000008F1 6A 00                           	PUSH	0
   810 000008F3 6A 00                           	PUSH	0
   811 000008F5 6B F3 05                        	IMUL	ESI,EBX,5
   812 000008F8 53                              	PUSH	EBX
   813 000008F9 FF 75 08                        	PUSH	DWORD [8+EBP]
   814 000008FC E8 [00000000]                   	CALL	_boxfill8
   815 00000901 83 C4 38                        	ADD	ESP,56
   816 00000904 FF 75 14                        	PUSH	DWORD [20+EBP]
   817 00000907 6A 07                           	PUSH	7
   818 00000909 6A 04                           	PUSH	4
   819 0000090B 6A 18                           	PUSH	24
   820 0000090D 53                              	PUSH	EBX
   821 0000090E FF 75 08                        	PUSH	DWORD [8+EBP]
   822 00000911 E8 [00000000]                   	CALL	_putfonts8_asc
   823 00000916 83 C4 18                        	ADD	ESP,24
   824 00000919 C7 45 F0 00000000               	MOV	DWORD [-16+EBP],0
   825 00000920 C7 45 E0 00000000               	MOV	DWORD [-32+EBP],0
   826 00000927                                 L59:
   827 00000927 8D 04 1E                        	LEA	EAX,DWORD [ESI+EBX*1]
   828 0000092A 8B 55 08                        	MOV	EDX,DWORD [8+EBP]
   829 0000092D 31 FF                           	XOR	EDI,EDI
   830 0000092F 8D 4C 02 EB                     	LEA	ECX,DWORD [-21+EDX+EAX*1]
   831 00000933                                 L58:
   832 00000933 8B 45 E0                        	MOV	EAX,DWORD [-32+EBP]
   833 00000936 8A 94 07 [000000AD]             	MOV	DL,BYTE [_closebtn.1+EDI+EAX*1]
   834 0000093D 80 FA 40                        	CMP	DL,64
   835 00000940 74 33                           	JE	L64
   836 00000942 80 FA 24                        	CMP	DL,36
   837 00000945 74 2A                           	JE	L65
   838 00000947 80 FA 51                        	CMP	DL,81
   839 0000094A B2 08                           	MOV	DL,8
   840 0000094C 0F 95 C0                        	SETNE	AL
   841 0000094F 28 C2                           	SUB	DL,AL
   842 00000951                                 L53:
   843 00000951 47                              	INC	EDI
   844 00000952 88 11                           	MOV	BYTE [ECX],DL
   845 00000954 41                              	INC	ECX
   846 00000955 83 FF 0F                        	CMP	EDI,15
   847 00000958 7E D9                           	JLE	L58
   848 0000095A FF 45 F0                        	INC	DWORD [-16+EBP]
   849 0000095D 01 DE                           	ADD	ESI,EBX
   850 0000095F 83 45 E0 10                     	ADD	DWORD [-32+EBP],16
   851 00000963 83 7D F0 0D                     	CMP	DWORD [-16+EBP],13
   852 00000967 7E BE                           	JLE	L59
   853 00000969 8D 65 F4                        	LEA	ESP,DWORD [-12+EBP]
   854 0000096C 5B                              	POP	EBX
   855 0000096D 5E                              	POP	ESI
   856 0000096E 5F                              	POP	EDI
   857 0000096F 5D                              	POP	EBP
   858 00000970 C3                              	RET
   859 00000971                                 L65:
   860 00000971 B2 0F                           	MOV	DL,15
   861 00000973 EB DC                           	JMP	L53
   862 00000975                                 L64:
   863 00000975 31 D2                           	XOR	EDX,EDX
   864 00000977 EB D8                           	JMP	L53
   865 00000979                                 	GLOBAL	_putfonts8_asc_sht
   866 00000979                                 _putfonts8_asc_sht:
   867 00000979 55                              	PUSH	EBP
   868 0000097A 89 E5                           	MOV	EBP,ESP
   869 0000097C 57                              	PUSH	EDI
   870 0000097D 56                              	PUSH	ESI
   871 0000097E 53                              	PUSH	EBX
   872 0000097F 83 EC 0C                        	SUB	ESP,12
   873 00000982 8B 45 08                        	MOV	EAX,DWORD [8+EBP]
   874 00000985 8B 7D 10                        	MOV	EDI,DWORD [16+EBP]
   875 00000988 89 45 F0                        	MOV	DWORD [-16+EBP],EAX
   876 0000098B 8B 5D 14                        	MOV	EBX,DWORD [20+EBP]
   877 0000098E 8B 45 0C                        	MOV	EAX,DWORD [12+EBP]
   878 00000991 89 45 EC                        	MOV	DWORD [-20+EBP],EAX
   879 00000994 8B 45 1C                        	MOV	EAX,DWORD [28+EBP]
   880 00000997 89 45 E8                        	MOV	DWORD [-24+EBP],EAX
   881 0000099A 8D 47 0F                        	LEA	EAX,DWORD [15+EDI]
   882 0000099D 50                              	PUSH	EAX
   883 0000099E 8B 45 EC                        	MOV	EAX,DWORD [-20+EBP]
   884 000009A1 8B 75 20                        	MOV	ESI,DWORD [32+EBP]
   885 000009A4 0F BE DB                        	MOVSX	EBX,BL
   886 000009A7 8D 34 F0                        	LEA	ESI,DWORD [EAX+ESI*8]
   887 000009AA 8D 46 FF                        	LEA	EAX,DWORD [-1+ESI]
   888 000009AD 50                              	PUSH	EAX
   889 000009AE 57                              	PUSH	EDI
   890 000009AF FF 75 EC                        	PUSH	DWORD [-20+EBP]
   891 000009B2 0F B6 45 18                     	MOVZX	EAX,BYTE [24+EBP]
   892 000009B6 50                              	PUSH	EAX
   893 000009B7 8B 45 F0                        	MOV	EAX,DWORD [-16+EBP]
   894 000009BA FF 70 04                        	PUSH	DWORD [4+EAX]
   895 000009BD FF 30                           	PUSH	DWORD [EAX]
   896 000009BF E8 [00000000]                   	CALL	_boxfill8
   897 000009C4 FF 75 E8                        	PUSH	DWORD [-24+EBP]
   898 000009C7 53                              	PUSH	EBX
   899 000009C8 57                              	PUSH	EDI
   900 000009C9 FF 75 EC                        	PUSH	DWORD [-20+EBP]
   901 000009CC 8B 45 F0                        	MOV	EAX,DWORD [-16+EBP]
   902 000009CF FF 70 04                        	PUSH	DWORD [4+EAX]
   903 000009D2 FF 30                           	PUSH	DWORD [EAX]
   904 000009D4 E8 [00000000]                   	CALL	_putfonts8_asc
   905 000009D9 89 7D 10                        	MOV	DWORD [16+EBP],EDI
   906 000009DC 8D 47 10                        	LEA	EAX,DWORD [16+EDI]
   907 000009DF 89 75 14                        	MOV	DWORD [20+EBP],ESI
   908 000009E2 89 45 18                        	MOV	DWORD [24+EBP],EAX
   909 000009E5 83 C4 34                        	ADD	ESP,52
   910 000009E8 8B 45 EC                        	MOV	EAX,DWORD [-20+EBP]
   911 000009EB 89 45 0C                        	MOV	DWORD [12+EBP],EAX
   912 000009EE 8B 45 F0                        	MOV	EAX,DWORD [-16+EBP]
   913 000009F1 89 45 08                        	MOV	DWORD [8+EBP],EAX
   914 000009F4 8D 65 F4                        	LEA	ESP,DWORD [-12+EBP]
   915 000009F7 5B                              	POP	EBX
   916 000009F8 5E                              	POP	ESI
   917 000009F9 5F                              	POP	EDI
   918 000009FA 5D                              	POP	EBP
   919 000009FB E9 [00000000]                   	JMP	_sheet_refresh
   920 00000A00                                 	GLOBAL	_make_textbox8
   921 00000A00                                 _make_textbox8:
   922 00000A00 55                              	PUSH	EBP
   923 00000A01 89 E5                           	MOV	EBP,ESP
   924 00000A03 57                              	PUSH	EDI
   925 00000A04 56                              	PUSH	ESI
   926 00000A05 53                              	PUSH	EBX
   927 00000A06 83 EC 14                        	SUB	ESP,20
   928 00000A09 8B 45 0C                        	MOV	EAX,DWORD [12+EBP]
   929 00000A0C 8B 75 10                        	MOV	ESI,DWORD [16+EBP]
   930 00000A0F 03 45 14                        	ADD	EAX,DWORD [20+EBP]
   931 00000A12 83 EE 03                        	SUB	ESI,3
   932 00000A15 56                              	PUSH	ESI
   933 00000A16 89 45 F0                        	MOV	DWORD [-16+EBP],EAX
   934 00000A19 8B 45 10                        	MOV	EAX,DWORD [16+EBP]
   935 00000A1C 03 45 18                        	ADD	EAX,DWORD [24+EBP]
   936 00000A1F 89 45 EC                        	MOV	DWORD [-20+EBP],EAX
   937 00000A22 8B 45 F0                        	MOV	EAX,DWORD [-16+EBP]
   938 00000A25 40                              	INC	EAX
   939 00000A26 50                              	PUSH	EAX
   940 00000A27 89 45 E8                        	MOV	DWORD [-24+EBP],EAX
   941 00000A2A 8B 45 0C                        	MOV	EAX,DWORD [12+EBP]
   942 00000A2D 56                              	PUSH	ESI
   943 00000A2E 83 E8 02                        	SUB	EAX,2
   944 00000A31 50                              	PUSH	EAX
   945 00000A32 89 45 E4                        	MOV	DWORD [-28+EBP],EAX
   946 00000A35 8B 45 08                        	MOV	EAX,DWORD [8+EBP]
   947 00000A38 6A 0F                           	PUSH	15
   948 00000A3A FF 70 04                        	PUSH	DWORD [4+EAX]
   949 00000A3D FF 30                           	PUSH	DWORD [EAX]
   950 00000A3F E8 [00000000]                   	CALL	_boxfill8
   951 00000A44 8B 7D 0C                        	MOV	EDI,DWORD [12+EBP]
   952 00000A47 8B 45 EC                        	MOV	EAX,DWORD [-20+EBP]
   953 00000A4A 83 EF 03                        	SUB	EDI,3
   954 00000A4D 40                              	INC	EAX
   955 00000A4E 50                              	PUSH	EAX
   956 00000A4F 89 45 E0                        	MOV	DWORD [-32+EBP],EAX
   957 00000A52 57                              	PUSH	EDI
   958 00000A53 8B 45 08                        	MOV	EAX,DWORD [8+EBP]
   959 00000A56 56                              	PUSH	ESI
   960 00000A57 57                              	PUSH	EDI
   961 00000A58 6A 0F                           	PUSH	15
   962 00000A5A FF 70 04                        	PUSH	DWORD [4+EAX]
   963 00000A5D FF 30                           	PUSH	DWORD [EAX]
   964 00000A5F E8 [00000000]                   	CALL	_boxfill8
   965 00000A64 8B 45 08                        	MOV	EAX,DWORD [8+EBP]
   966 00000A67 83 C4 38                        	ADD	ESP,56
   967 00000A6A 8B 5D EC                        	MOV	EBX,DWORD [-20+EBP]
   968 00000A6D 83 C3 02                        	ADD	EBX,2
   969 00000A70 53                              	PUSH	EBX
   970 00000A71 FF 75 E8                        	PUSH	DWORD [-24+EBP]
   971 00000A74 53                              	PUSH	EBX
   972 00000A75 57                              	PUSH	EDI
   973 00000A76 6A 07                           	PUSH	7
   974 00000A78 FF 70 04                        	PUSH	DWORD [4+EAX]
   975 00000A7B FF 30                           	PUSH	DWORD [EAX]
   976 00000A7D E8 [00000000]                   	CALL	_boxfill8
   977 00000A82 8B 45 F0                        	MOV	EAX,DWORD [-16+EBP]
   978 00000A85 53                              	PUSH	EBX
   979 00000A86 83 C0 02                        	ADD	EAX,2
   980 00000A89 50                              	PUSH	EAX
   981 00000A8A 56                              	PUSH	ESI
   982 00000A8B 50                              	PUSH	EAX
   983 00000A8C 8B 45 08                        	MOV	EAX,DWORD [8+EBP]
   984 00000A8F 6A 07                           	PUSH	7
   985 00000A91 FF 70 04                        	PUSH	DWORD [4+EAX]
   986 00000A94 FF 30                           	PUSH	DWORD [EAX]
   987 00000A96 E8 [00000000]                   	CALL	_boxfill8
   988 00000A9B 8B 45 08                        	MOV	EAX,DWORD [8+EBP]
   989 00000A9E 83 C4 38                        	ADD	ESP,56
   990 00000AA1 8B 5D 10                        	MOV	EBX,DWORD [16+EBP]
   991 00000AA4 83 EB 02                        	SUB	EBX,2
   992 00000AA7 8B 7D 0C                        	MOV	EDI,DWORD [12+EBP]
   993 00000AAA 53                              	PUSH	EBX
   994 00000AAB 4F                              	DEC	EDI
   995 00000AAC FF 75 F0                        	PUSH	DWORD [-16+EBP]
   996 00000AAF 53                              	PUSH	EBX
   997 00000AB0 57                              	PUSH	EDI
   998 00000AB1 6A 00                           	PUSH	0
   999 00000AB3 FF 70 04                        	PUSH	DWORD [4+EAX]
  1000 00000AB6 FF 30                           	PUSH	DWORD [EAX]
  1001 00000AB8 E8 [00000000]                   	CALL	_boxfill8
  1002 00000ABD 8B 45 08                        	MOV	EAX,DWORD [8+EBP]
  1003 00000AC0 FF 75 EC                        	PUSH	DWORD [-20+EBP]
  1004 00000AC3 FF 75 E4                        	PUSH	DWORD [-28+EBP]
  1005 00000AC6 53                              	PUSH	EBX
  1006 00000AC7 FF 75 E4                        	PUSH	DWORD [-28+EBP]
  1007 00000ACA 6A 00                           	PUSH	0
  1008 00000ACC FF 70 04                        	PUSH	DWORD [4+EAX]
  1009 00000ACF FF 30                           	PUSH	DWORD [EAX]
  1010 00000AD1 E8 [00000000]                   	CALL	_boxfill8
  1011 00000AD6 8B 45 08                        	MOV	EAX,DWORD [8+EBP]
  1012 00000AD9 83 C4 38                        	ADD	ESP,56
  1013 00000ADC FF 75 E0                        	PUSH	DWORD [-32+EBP]
  1014 00000ADF FF 75 F0                        	PUSH	DWORD [-16+EBP]
  1015 00000AE2 FF 75 E0                        	PUSH	DWORD [-32+EBP]
  1016 00000AE5 FF 75 E4                        	PUSH	DWORD [-28+EBP]
  1017 00000AE8 6A 08                           	PUSH	8
  1018 00000AEA FF 70 04                        	PUSH	DWORD [4+EAX]
  1019 00000AED FF 30                           	PUSH	DWORD [EAX]
  1020 00000AEF E8 [00000000]                   	CALL	_boxfill8
  1021 00000AF4 8B 45 08                        	MOV	EAX,DWORD [8+EBP]
  1022 00000AF7 FF 75 E0                        	PUSH	DWORD [-32+EBP]
  1023 00000AFA FF 75 E8                        	PUSH	DWORD [-24+EBP]
  1024 00000AFD 53                              	PUSH	EBX
  1025 00000AFE FF 75 E8                        	PUSH	DWORD [-24+EBP]
  1026 00000B01 6A 08                           	PUSH	8
  1027 00000B03 FF 70 04                        	PUSH	DWORD [4+EAX]
  1028 00000B06 FF 30                           	PUSH	DWORD [EAX]
  1029 00000B08 E8 [00000000]                   	CALL	_boxfill8
  1030 00000B0D 8B 45 10                        	MOV	EAX,DWORD [16+EBP]
  1031 00000B10 83 C4 38                        	ADD	ESP,56
  1032 00000B13 48                              	DEC	EAX
  1033 00000B14 FF 75 EC                        	PUSH	DWORD [-20+EBP]
  1034 00000B17 FF 75 F0                        	PUSH	DWORD [-16+EBP]
  1035 00000B1A 50                              	PUSH	EAX
  1036 00000B1B 57                              	PUSH	EDI
  1037 00000B1C 0F B6 45 1C                     	MOVZX	EAX,BYTE [28+EBP]
  1038 00000B20 50                              	PUSH	EAX
  1039 00000B21 8B 45 08                        	MOV	EAX,DWORD [8+EBP]
  1040 00000B24 FF 70 04                        	PUSH	DWORD [4+EAX]
  1041 00000B27 FF 30                           	PUSH	DWORD [EAX]
  1042 00000B29 E8 [00000000]                   	CALL	_boxfill8
  1043 00000B2E 8D 65 F4                        	LEA	ESP,DWORD [-12+EBP]
  1044 00000B31 5B                              	POP	EBX
  1045 00000B32 5E                              	POP	ESI
  1046 00000B33 5F                              	POP	EDI
  1047 00000B34 5D                              	POP	EBP
  1048 00000B35 C3                              	RET
  1049 00000B36                                 	GLOBAL	_task_b_main
  1050 00000B36                                 _task_b_main:
  1051 00000B36 55                              	PUSH	EBP
  1052 00000B37 89 E5                           	MOV	EBP,ESP
  1053 00000B39 56                              	PUSH	ESI
  1054 00000B3A 53                              	PUSH	EBX
  1055 00000B3B 81 EC 00000220                  	SUB	ESP,544
  1056 00000B41 8D 85 FFFFFDD8                  	LEA	EAX,DWORD [-552+EBP]
  1057 00000B47 8D 5D D8                        	LEA	EBX,DWORD [-40+EBP]
  1058 00000B4A 50                              	PUSH	EAX
  1059 00000B4B 68 00000080                     	PUSH	128
  1060 00000B50 53                              	PUSH	EBX
  1061 00000B51 E8 [00000000]                   	CALL	_fifo32_init
  1062 00000B56 E8 [00000000]                   	CALL	_timer_alloc
  1063 00000B5B 6A 01                           	PUSH	1
  1064 00000B5D 53                              	PUSH	EBX
  1065 00000B5E 89 C6                           	MOV	ESI,EAX
  1066 00000B60 50                              	PUSH	EAX
  1067 00000B61 E8 [00000000]                   	CALL	_timer_init
  1068 00000B66 6A 02                           	PUSH	2
  1069 00000B68 56                              	PUSH	ESI
  1070 00000B69 E8 [00000000]                   	CALL	_timer_settime
  1071 00000B6E 83 C4 20                        	ADD	ESP,32
  1072 00000B71                                 L69:
  1073 00000B71 8D 5D D8                        	LEA	EBX,DWORD [-40+EBP]
  1074 00000B74 E8 [00000000]                   	CALL	_io_cli
  1075 00000B79 53                              	PUSH	EBX
  1076 00000B7A E8 [00000000]                   	CALL	_fifo32_status
  1077 00000B7F 5A                              	POP	EDX
  1078 00000B80 85 C0                           	TEST	EAX,EAX
  1079 00000B82 74 27                           	JE	L75
  1080 00000B84 53                              	PUSH	EBX
  1081 00000B85 E8 [00000000]                   	CALL	_fifo32_get
  1082 00000B8A 89 C3                           	MOV	EBX,EAX
  1083 00000B8C E8 [00000000]                   	CALL	_io_sti
  1084 00000B91 59                              	POP	ECX
  1085 00000B92 4B                              	DEC	EBX
  1086 00000B93 75 DC                           	JNE	L69
  1087 00000B95 6A 18                           	PUSH	24
  1088 00000B97 6A 00                           	PUSH	0
  1089 00000B99 E8 [00000000]                   	CALL	_farjmp
  1090 00000B9E 6A 02                           	PUSH	2
  1091 00000BA0 56                              	PUSH	ESI
  1092 00000BA1 E8 [00000000]                   	CALL	_timer_settime
  1093 00000BA6 83 C4 10                        	ADD	ESP,16
  1094 00000BA9 EB C6                           	JMP	L69
  1095 00000BAB                                 L75:
  1096 00000BAB E8 [00000000]                   	CALL	_io_sti
  1097 00000BB0 E8 [00000000]                   	CALL	_io_hlt
  1098 00000BB5 EB BA                           	JMP	L69
