     1 00000000                                 [FORMAT "WCOFF"]
     2 00000000                                 [INSTRSET "i486p"]
     3 00000000                                 [BITS 32]
     4 00000000                                 
     5 00000000                                 [FILE "naskfunc.nas"]
     6 00000000                                     GLOBAL    _io_hlt, _io_cli, _io_sti, _io_stihlt
     7 00000000                                     GLOBAL    _io_in8, _io_in16, _io_in32
     8 00000000                                     GLOBAL    _io_out8, _io_out16, _io_out32
     9 00000000                                     GLOBAL    _io_load_eflags, _io_store_eflags
    10 00000000                                     GLOBAL	  _load_gdtr, _load_idtr
    11 00000000                                 	GLOBAL	_load_cr0, _store_cr0
    12 00000000                                 	GLOBAL  _asm_inthandler20, _asm_inthandler21
    13 00000000                                     GLOBAL	_asm_inthandler27, _asm_inthandler2c
    14 00000000                                 	GLOBAL	_memtest_sub
    15 00000000                                 	EXTERN  _inthandler20, _inthandler21
    16 00000000                                 	EXTERN	_inthandler27, _inthandler2c
    17 00000000                                 
    18                                          [SECTION .text]
    19 00000000                                 
    20 00000000                                 _io_hlt:    ; void io_hlt(void);
    21 00000000 F4                                  HLT
    22 00000001 C3                                  RET
    23 00000002                                 
    24 00000002                                 _io_cli:
    25 00000002 FA                                  CLI
    26 00000003 C3                                  RET
    27 00000004                                 
    28 00000004                                 _io_sti:
    29 00000004 FB                                  STI
    30 00000005 C3                                  RET
    31 00000006                                 
    32 00000006                                 _io_stihlt:
    33 00000006 FB                                  STI
    34 00000007 F4                                  HLT
    35 00000008 C3                                  RET
    36 00000009                                 
    37 00000009                                 _io_in8:
    38 00000009 8B 54 24 04                         MOV    EDX,[ESP+4]
    39 0000000D B8 00000000                         MOV    EAX,0
    40 00000012 EC                                  IN     AL,DX
    41 00000013 C3                                  RET
    42 00000014                                 
    43 00000014                                 _io_in16:
    44 00000014 8B 54 24 04                         MOV    EDX,[ESP+4]
    45 00000018 B8 00000000                         MOV    EAX,0
    46 0000001D 66 ED                               IN     AX,DX
    47 0000001F C3                                  RET
    48 00000020                                 
    49 00000020                                 _io_in32:
    50 00000020 8B 54 24 04                         MOV    EDX,[ESP+4]
    51 00000024 ED                                  IN     EAX,DX
    52 00000025 C3                                  RET
    53 00000026                                 
    54 00000026                                 _io_out8:
    55 00000026 8B 54 24 04                         MOV    EDX,[ESP+4]
    56 0000002A 8A 44 24 08                         MOV    AL,[ESP+8]
    57 0000002E EE                                  OUT    DX,AL
    58 0000002F C3                                  RET
    59 00000030                                 
    60 00000030                                 _io_out16:
    61 00000030 8B 54 24 04                         MOV    EDX,[ESP+4]
    62 00000034 8B 44 24 08                         MOV    EAX,[ESP+8]
    63 00000038 66 EF                               OUT    DX,AX
    64 0000003A C3                                  RET
    65 0000003B                                 
    66 0000003B                                 _io_out32:
    67 0000003B 8B 54 24 04                         MOV    EDX,[ESP+4]
    68 0000003F 8B 44 24 08                         MOV    EAX,[ESP+8]
    69 00000043 EF                                  OUT    DX,EAX
    70 00000044                                 
    71 00000044                                 _io_load_eflags:
    72 00000044 9C                                  PUSHFD
    73 00000045 58                                  POP    EAX
    74 00000046 C3                                  RET
    75 00000047                                 
    76 00000047                                 _io_store_eflags:
    77 00000047 8B 44 24 04                         MOV    EAX,[ESP+4]
    78 0000004B 50                                  PUSH   EAX
    79 0000004C 9D                                  POPFD
    80 0000004D C3                                  RET
    81 0000004E                                 
    82 0000004E                                 _load_gdtr:		; void load_gdtr(int limit, int addr);
    83 0000004E 66 8B 44 24 04                  		MOV		AX,[ESP+4]		; limit
    84 00000053 66 89 44 24 06                  		MOV		[ESP+6],AX
    85 00000058 0F 01 54 24 06                  		LGDT	[ESP+6]
    86 0000005D C3                              		RET
    87 0000005E                                 
    88 0000005E                                 _load_idtr:		; void load_idtr(int limit, int addr);
    89 0000005E 66 8B 44 24 04                  		MOV		AX,[ESP+4]		; limit
    90 00000063 66 89 44 24 06                  		MOV		[ESP+6],AX
    91 00000068 0F 01 5C 24 06                  		LIDT	[ESP+6]
    92 0000006D C3                              		RET
    93 0000006E                                 
    94 0000006E                                 _load_cr0:
    95 0000006E 0F 20 C0                        		MOV		EAX,CR0
    96 00000071 C3                              		RET
    97 00000072                                 
    98 00000072                                 _store_cr0:
    99 00000072 8B 44 24 04                     		MOV		EAX,[ESP+4]
   100 00000076 0F 22 C0                        		MOV		CR0,EAX
   101 00000079 C3                              		RET
   102 0000007A                                 
   103 0000007A                                 _asm_inthandler20:
   104 0000007A 06                              		PUSH	ES
   105 0000007B 1E                              		PUSH	DS
   106 0000007C 60                              		PUSHAD
   107 0000007D 89 E0                           		MOV		EAX,ESP
   108 0000007F 50                              		PUSH	EAX
   109 00000080 66 8C D0                        		MOV		AX,SS
   110 00000083 8E D8                           		MOV		DS,AX
   111 00000085 8E C0                           		MOV		ES,AX
   112 00000087 E8 [00000000]                   		CALL	_inthandler20
   113 0000008C 58                              		POP		EAX
   114 0000008D 61                              		POPAD
   115 0000008E 1F                              		POP		DS
   116 0000008F 07                              		POP		ES
   117 00000090 CF                              		IRETD
   118 00000091                                 
   119 00000091                                 _asm_inthandler21:
   120 00000091 06                              		PUSH	ES
   121 00000092 1E                              		PUSH	DS
   122 00000093 60                              		PUSHAD
   123 00000094 89 E0                           		MOV		EAX,ESP
   124 00000096 50                              		PUSH	EAX
   125 00000097 66 8C D0                        		MOV		AX,SS
   126 0000009A 8E D8                           		MOV		DS,AX
   127 0000009C 8E C0                           		MOV		ES,AX
   128 0000009E E8 [00000000]                   		CALL	_inthandler21
   129 000000A3 58                              		POP		EAX
   130 000000A4 61                              		POPAD
   131 000000A5 1F                              		POP		DS
   132 000000A6 07                              		POP		ES
   133 000000A7 CF                              		IRETD
   134 000000A8                                 
   135 000000A8                                 _asm_inthandler27:
   136 000000A8 06                              		PUSH	ES
   137 000000A9 1E                              		PUSH	DS
   138 000000AA 60                              		PUSHAD
   139 000000AB 89 E0                           		MOV		EAX,ESP
   140 000000AD 50                              		PUSH	EAX
   141 000000AE 66 8C D0                        		MOV		AX,SS
   142 000000B1 8E D8                           		MOV		DS,AX
   143 000000B3 8E C0                           		MOV		ES,AX
   144 000000B5 E8 [00000000]                   		CALL	_inthandler27
   145 000000BA 58                              		POP		EAX
   146 000000BB 61                              		POPAD
   147 000000BC 1F                              		POP		DS
   148 000000BD 07                              		POP		ES
   149 000000BE CF                              		IRETD
   150 000000BF                                 
   151 000000BF                                 _asm_inthandler2c:
   152 000000BF 06                              		PUSH	ES
   153 000000C0 1E                              		PUSH	DS
   154 000000C1 60                              		PUSHAD
   155 000000C2 89 E0                           		MOV		EAX,ESP
   156 000000C4 50                              		PUSH	EAX
   157 000000C5 66 8C D0                        		MOV		AX,SS
   158 000000C8 8E D8                           		MOV		DS,AX
   159 000000CA 8E C0                           		MOV		ES,AX
   160 000000CC E8 [00000000]                   		CALL	_inthandler2c
   161 000000D1 58                              		POP		EAX
   162 000000D2 61                              		POPAD
   163 000000D3 1F                              		POP		DS
   164 000000D4 07                              		POP		ES
   165 000000D5 CF                              		IRETD
   166 000000D6                                 
   167 000000D6                                 _memtest_sub:	; unsigned int memtest_sub(unsigned int start, unsigned int end)
   168 000000D6 57                              		PUSH	EDI						; ÅiEBX, ESI, EDI Ç‡égÇ¢ÇΩÇ¢ÇÃÇ≈Åj
   169 000000D7 56                              		PUSH	ESI
   170 000000D8 53                              		PUSH	EBX
   171 000000D9 BE AA55AA55                     		MOV		ESI,0xaa55aa55			; pat0 = 0xaa55aa55;
   172 000000DE BF 55AA55AA                     		MOV		EDI,0x55aa55aa			; pat1 = 0x55aa55aa;
   173 000000E3 8B 44 24 10                     		MOV		EAX,[ESP+12+4]			; i = start;
   174 000000E7                                 mts_loop:
   175 000000E7 89 C3                           		MOV		EBX,EAX
   176 000000E9 81 C3 00000FFC                  		ADD		EBX,0xffc				; p = i + 0xffc;
   177 000000EF 8B 13                           		MOV		EDX,[EBX]				; old = *p;
   178 000000F1 89 33                           		MOV		[EBX],ESI				; *p = pat0;
   179 000000F3 83 33 FF                        		XOR		DWORD [EBX],0xffffffff	; *p ^= 0xffffffff;
   180 000000F6 3B 3B                           		CMP		EDI,[EBX]				; if (*p != pat1) goto fin;
   181 000000F8 75 18                           		JNE		mts_fin
   182 000000FA 83 33 FF                        		XOR		DWORD [EBX],0xffffffff	; *p ^= 0xffffffff;
   183 000000FD 3B 33                           		CMP		ESI,[EBX]				; if (*p != pat0) goto fin;
   184 000000FF 75 11                           		JNE		mts_fin
   185 00000101 89 13                           		MOV		[EBX],EDX				; *p = old;
   186 00000103 05 00001000                     		ADD		EAX,0x1000				; i += 0x1000;
   187 00000108 3B 44 24 14                     		CMP		EAX,[ESP+12+8]			; if (i <= end) goto mts_loop;
   188 0000010C 76 D9                           		JBE		mts_loop
   189 0000010E 5B                              		POP		EBX
   190 0000010F 5E                              		POP		ESI
   191 00000110 5F                              		POP		EDI
   192 00000111 C3                              		RET
   193 00000112                                 mts_fin:
   194 00000112 89 13                           		MOV		[EBX],EDX				; *p = old;
   195 00000114 5B                              		POP		EBX
   196 00000115 5E                              		POP		ESI
   197 00000116 5F                              		POP		EDI
   198 00000117 C3                              		RET
