     1 00000000                                 [FORMAT "WCOFF"]
     2 00000000                                 [INSTRSET "i486p"]
     3 00000000                                 [OPTIMIZE 1]
     4 00000000                                 [OPTION 1]
     5 00000000                                 [BITS 32]
     6 00000000                                 	EXTERN	_memman_alloc_4k
     7 00000000                                 	EXTERN	_memman_free_4k
     8 00000000                                 [FILE "sheet.c"]
     9                                          [SECTION .text]
    10 00000000                                 	GLOBAL	_shtctl_init
    11 00000000                                 _shtctl_init:
    12 00000000 55                              	PUSH	EBP
    13 00000001 89 E5                           	MOV	EBP,ESP
    14 00000003 57                              	PUSH	EDI
    15 00000004 56                              	PUSH	ESI
    16 00000005 53                              	PUSH	EBX
    17 00000006 8B 75 08                        	MOV	ESI,DWORD [8+EBP]
    18 00000009 68 00002C14                     	PUSH	11284
    19 0000000E 8B 7D 10                        	MOV	EDI,DWORD [16+EBP]
    20 00000011 56                              	PUSH	ESI
    21 00000012 E8 [00000000]                   	CALL	_memman_alloc_4k
    22 00000017 89 C3                           	MOV	EBX,EAX
    23 00000019 58                              	POP	EAX
    24 0000001A 5A                              	POP	EDX
    25 0000001B 85 DB                           	TEST	EBX,EBX
    26 0000001D 74 4A                           	JE	L3
    27 0000001F 8B 45 14                        	MOV	EAX,DWORD [20+EBP]
    28 00000022 0F AF C7                        	IMUL	EAX,EDI
    29 00000025 50                              	PUSH	EAX
    30 00000026 56                              	PUSH	ESI
    31 00000027 E8 [00000000]                   	CALL	_memman_alloc_4k
    32 0000002C 85 C0                           	TEST	EAX,EAX
    33 0000002E 89 43 04                        	MOV	DWORD [4+EBX],EAX
    34 00000031 5A                              	POP	EDX
    35 00000032 59                              	POP	ECX
    36 00000033 74 3E                           	JE	L11
    37 00000035 8B 45 0C                        	MOV	EAX,DWORD [12+EBP]
    38 00000038 89 7B 08                        	MOV	DWORD [8+EBX],EDI
    39 0000003B 89 03                           	MOV	DWORD [EBX],EAX
    40 0000003D 8D 93 000027D8                  	LEA	EDX,DWORD [10200+EBX]
    41 00000043 8B 45 14                        	MOV	EAX,DWORD [20+EBP]
    42 00000046 89 43 0C                        	MOV	DWORD [12+EBX],EAX
    43 00000049 89 D8                           	MOV	EAX,EBX
    44 0000004B C7 43 10 FFFFFFFF               	MOV	DWORD [16+EBX],-1
    45 00000052                                 L9:
    46 00000052 C7 80 00000430 00000000         	MOV	DWORD [1072+EAX],0
    47 0000005C 89 98 00000434                  	MOV	DWORD [1076+EAX],EBX
    48 00000062 83 C0 28                        	ADD	EAX,40
    49 00000065 39 D0                           	CMP	EAX,EDX
    50 00000067 7E E9                           	JLE	L9
    51 00000069                                 L3:
    52 00000069 8D 65 F4                        	LEA	ESP,DWORD [-12+EBP]
    53 0000006C 89 D8                           	MOV	EAX,EBX
    54 0000006E 5B                              	POP	EBX
    55 0000006F 5E                              	POP	ESI
    56 00000070 5F                              	POP	EDI
    57 00000071 5D                              	POP	EBP
    58 00000072 C3                              	RET
    59 00000073                                 L11:
    60 00000073 68 00002C14                     	PUSH	11284
    61 00000078 53                              	PUSH	EBX
    62 00000079 56                              	PUSH	ESI
    63 0000007A E8 [00000000]                   	CALL	_memman_free_4k
    64 0000007F 83 C4 0C                        	ADD	ESP,12
    65 00000082 EB E5                           	JMP	L3
    66 00000084                                 	GLOBAL	_sheet_alloc
    67 00000084                                 _sheet_alloc:
    68 00000084 55                              	PUSH	EBP
    69 00000085 31 D2                           	XOR	EDX,EDX
    70 00000087 89 E5                           	MOV	EBP,ESP
    71 00000089 8B 45 08                        	MOV	EAX,DWORD [8+EBP]
    72 0000008C 05 00000414                     	ADD	EAX,1044
    73 00000091                                 L18:
    74 00000091 83 78 1C 00                     	CMP	DWORD [28+EAX],0
    75 00000095 74 10                           	JE	L21
    76 00000097 42                              	INC	EDX
    77 00000098 83 C0 28                        	ADD	EAX,40
    78 0000009B 81 FA 000000FF                  	CMP	EDX,255
    79 000000A1 7E EE                           	JLE	L18
    80 000000A3 31 C0                           	XOR	EAX,EAX
    81 000000A5                                 L12:
    82 000000A5 5D                              	POP	EBP
    83 000000A6 C3                              	RET
    84 000000A7                                 L21:
    85 000000A7 C7 40 1C 00000001               	MOV	DWORD [28+EAX],1
    86 000000AE C7 40 18 FFFFFFFF               	MOV	DWORD [24+EAX],-1
    87 000000B5 C7 40 24 00000000               	MOV	DWORD [36+EAX],0
    88 000000BC EB E7                           	JMP	L12
    89 000000BE                                 	GLOBAL	_sheet_setbuf
    90 000000BE                                 _sheet_setbuf:
    91 000000BE 55                              	PUSH	EBP
    92 000000BF 89 E5                           	MOV	EBP,ESP
    93 000000C1 8B 55 08                        	MOV	EDX,DWORD [8+EBP]
    94 000000C4 8B 45 0C                        	MOV	EAX,DWORD [12+EBP]
    95 000000C7 89 02                           	MOV	DWORD [EDX],EAX
    96 000000C9 8B 45 10                        	MOV	EAX,DWORD [16+EBP]
    97 000000CC 89 42 04                        	MOV	DWORD [4+EDX],EAX
    98 000000CF 8B 45 14                        	MOV	EAX,DWORD [20+EBP]
    99 000000D2 89 42 08                        	MOV	DWORD [8+EDX],EAX
   100 000000D5 8B 45 18                        	MOV	EAX,DWORD [24+EBP]
   101 000000D8 89 42 14                        	MOV	DWORD [20+EDX],EAX
   102 000000DB 5D                              	POP	EBP
   103 000000DC C3                              	RET
   104 000000DD                                 	GLOBAL	_sheet_refreshmap
   105 000000DD                                 _sheet_refreshmap:
   106 000000DD 55                              	PUSH	EBP
   107 000000DE 89 E5                           	MOV	EBP,ESP
   108 000000E0 57                              	PUSH	EDI
   109 000000E1 56                              	PUSH	ESI
   110 000000E2 53                              	PUSH	EBX
   111 000000E3 83 EC 28                        	SUB	ESP,40
   112 000000E6 8B 45 08                        	MOV	EAX,DWORD [8+EBP]
   113 000000E9 83 7D 0C 00                     	CMP	DWORD [12+EBP],0
   114 000000ED 8B 40 04                        	MOV	EAX,DWORD [4+EAX]
   115 000000F0 89 45 D8                        	MOV	DWORD [-40+EBP],EAX
   116 000000F3 0F 88 00000135                  	JS	L54
   117 000000F9                                 L24:
   118 000000F9 83 7D 10 00                     	CMP	DWORD [16+EBP],0
   119 000000FD 0F 88 0000011F                  	JS	L55
   120 00000103                                 L25:
   121 00000103 8B 55 08                        	MOV	EDX,DWORD [8+EBP]
   122 00000106 8B 42 08                        	MOV	EAX,DWORD [8+EDX]
   123 00000109 39 45 14                        	CMP	DWORD [20+EBP],EAX
   124 0000010C 7E 03                           	JLE	L26
   125 0000010E 89 45 14                        	MOV	DWORD [20+EBP],EAX
   126 00000111                                 L26:
   127 00000111 8B 75 08                        	MOV	ESI,DWORD [8+EBP]
   128 00000114 8B 46 0C                        	MOV	EAX,DWORD [12+ESI]
   129 00000117 39 45 18                        	CMP	DWORD [24+EBP],EAX
   130 0000011A 7E 03                           	JLE	L27
   131 0000011C 89 45 18                        	MOV	DWORD [24+EBP],EAX
   132 0000011F                                 L27:
   133 0000011F 8B 45 08                        	MOV	EAX,DWORD [8+EBP]
   134 00000122 8B 7D 1C                        	MOV	EDI,DWORD [28+EBP]
   135 00000125 89 7D F0                        	MOV	DWORD [-16+EBP],EDI
   136 00000128 3B 78 10                        	CMP	EDI,DWORD [16+EAX]
   137 0000012B 0F 8F 000000D6                  	JG	L49
   138 00000131                                 L47:
   139 00000131 8B 75 08                        	MOV	ESI,DWORD [8+EBP]
   140 00000134 8B 55 F0                        	MOV	EDX,DWORD [-16+EBP]
   141 00000137 8B 5D 10                        	MOV	EBX,DWORD [16+EBP]
   142 0000013A 8B 4C 96 14                     	MOV	ECX,DWORD [20+ESI+EDX*4]
   143 0000013E 89 C8                           	MOV	EAX,ECX
   144 00000140 29 F0                           	SUB	EAX,ESI
   145 00000142 8B 39                           	MOV	EDI,DWORD [ECX]
   146 00000144 2D 00000414                     	SUB	EAX,1044
   147 00000149 8B 51 10                        	MOV	EDX,DWORD [16+ECX]
   148 0000014C C1 F8 03                        	SAR	EAX,3
   149 0000014F 89 7D E0                        	MOV	DWORD [-32+EBP],EDI
   150 00000152 69 C0 CCCCCCCD                  	IMUL	EAX,EAX,-858993459
   151 00000158 8B 7D 18                        	MOV	EDI,DWORD [24+EBP]
   152 0000015B 29 D3                           	SUB	EBX,EDX
   153 0000015D 29 D7                           	SUB	EDI,EDX
   154 0000015F 88 45 DF                        	MOV	BYTE [-33+EBP],AL
   155 00000162 8B 75 14                        	MOV	ESI,DWORD [20+EBP]
   156 00000165 8B 55 0C                        	MOV	EDX,DWORD [12+EBP]
   157 00000168 8B 41 0C                        	MOV	EAX,DWORD [12+ECX]
   158 0000016B 89 7D D4                        	MOV	DWORD [-44+EBP],EDI
   159 0000016E 29 C6                           	SUB	ESI,EAX
   160 00000170 29 C2                           	SUB	EDX,EAX
   161 00000172 89 75 CC                        	MOV	DWORD [-52+EBP],ESI
   162 00000175 89 55 E4                        	MOV	DWORD [-28+EBP],EDX
   163 00000178 0F 88 00000098                  	JS	L56
   164 0000017E                                 L32:
   165 0000017E 85 DB                           	TEST	EBX,EBX
   166 00000180 0F 88 00000089                  	JS	L57
   167 00000186                                 L33:
   168 00000186 8B 41 04                        	MOV	EAX,DWORD [4+ECX]
   169 00000189 39 45 CC                        	CMP	DWORD [-52+EBP],EAX
   170 0000018C 7E 03                           	JLE	L34
   171 0000018E 89 45 CC                        	MOV	DWORD [-52+EBP],EAX
   172 00000191                                 L34:
   173 00000191 8B 41 08                        	MOV	EAX,DWORD [8+ECX]
   174 00000194 39 45 D4                        	CMP	DWORD [-44+EBP],EAX
   175 00000197 7E 03                           	JLE	L35
   176 00000199 89 45 D4                        	MOV	DWORD [-44+EBP],EAX
   177 0000019C                                 L35:
   178 0000019C 3B 5D D4                        	CMP	EBX,DWORD [-44+EBP]
   179 0000019F 7D 54                           	JGE	L51
   180 000001A1                                 L46:
   181 000001A1 8B 71 10                        	MOV	ESI,DWORD [16+ECX]
   182 000001A4 8B 55 E4                        	MOV	EDX,DWORD [-28+EBP]
   183 000001A7 01 DE                           	ADD	ESI,EBX
   184 000001A9 3B 55 CC                        	CMP	EDX,DWORD [-52+EBP]
   185 000001AC 89 75 E8                        	MOV	DWORD [-24+EBP],ESI
   186 000001AF 7D 3E                           	JGE	L53
   187 000001B1                                 L45:
   188 000001B1 89 D8                           	MOV	EAX,EBX
   189 000001B3 8B 79 0C                        	MOV	EDI,DWORD [12+ECX]
   190 000001B6 0F AF 41 04                     	IMUL	EAX,DWORD [4+ECX]
   191 000001BA 01 D7                           	ADD	EDI,EDX
   192 000001BC 8B 75 E0                        	MOV	ESI,DWORD [-32+EBP]
   193 000001BF 01 D0                           	ADD	EAX,EDX
   194 000001C1 89 7D EC                        	MOV	DWORD [-20+EBP],EDI
   195 000001C4 0F B6 34 30                     	MOVZX	ESI,BYTE [EAX+ESI*1]
   196 000001C8 3B 71 14                        	CMP	ESI,DWORD [20+ECX]
   197 000001CB 74 1C                           	JE	L42
   198 000001CD 8B 7D 08                        	MOV	EDI,DWORD [8+EBP]
   199 000001D0 8B 45 E8                        	MOV	EAX,DWORD [-24+EBP]
   200 000001D3 8B 75 D8                        	MOV	ESI,DWORD [-40+EBP]
   201 000001D6 0F AF 47 08                     	IMUL	EAX,DWORD [8+EDI]
   202 000001DA 03 45 EC                        	ADD	EAX,DWORD [-20+EBP]
   203 000001DD 89 45 D0                        	MOV	DWORD [-48+EBP],EAX
   204 000001E0 8A 45 DF                        	MOV	AL,BYTE [-33+EBP]
   205 000001E3 8B 7D D0                        	MOV	EDI,DWORD [-48+EBP]
   206 000001E6 88 04 37                        	MOV	BYTE [EDI+ESI*1],AL
   207 000001E9                                 L42:
   208 000001E9 42                              	INC	EDX
   209 000001EA 3B 55 CC                        	CMP	EDX,DWORD [-52+EBP]
   210 000001ED 7C C2                           	JL	L45
   211 000001EF                                 L53:
   212 000001EF 43                              	INC	EBX
   213 000001F0 3B 5D D4                        	CMP	EBX,DWORD [-44+EBP]
   214 000001F3 7C AC                           	JL	L46
   215 000001F5                                 L51:
   216 000001F5 8B 55 08                        	MOV	EDX,DWORD [8+EBP]
   217 000001F8 FF 45 F0                        	INC	DWORD [-16+EBP]
   218 000001FB 8B 45 F0                        	MOV	EAX,DWORD [-16+EBP]
   219 000001FE 3B 42 10                        	CMP	EAX,DWORD [16+EDX]
   220 00000201 0F 8E FFFFFF2A                  	JLE	L47
   221 00000207                                 L49:
   222 00000207 83 C4 28                        	ADD	ESP,40
   223 0000020A 5B                              	POP	EBX
   224 0000020B 5E                              	POP	ESI
   225 0000020C 5F                              	POP	EDI
   226 0000020D 5D                              	POP	EBP
   227 0000020E C3                              	RET
   228 0000020F                                 L57:
   229 0000020F 31 DB                           	XOR	EBX,EBX
   230 00000211 E9 FFFFFF70                     	JMP	L33
   231 00000216                                 L56:
   232 00000216 C7 45 E4 00000000               	MOV	DWORD [-28+EBP],0
   233 0000021D E9 FFFFFF5C                     	JMP	L32
   234 00000222                                 L55:
   235 00000222 C7 45 10 00000000               	MOV	DWORD [16+EBP],0
   236 00000229 E9 FFFFFED5                     	JMP	L25
   237 0000022E                                 L54:
   238 0000022E C7 45 0C 00000000               	MOV	DWORD [12+EBP],0
   239 00000235 E9 FFFFFEBF                     	JMP	L24
   240 0000023A                                 	GLOBAL	_sheet_refreshsub
   241 0000023A                                 _sheet_refreshsub:
   242 0000023A 55                              	PUSH	EBP
   243 0000023B 89 E5                           	MOV	EBP,ESP
   244 0000023D 57                              	PUSH	EDI
   245 0000023E 56                              	PUSH	ESI
   246 0000023F 53                              	PUSH	EBX
   247 00000240 83 EC 2C                        	SUB	ESP,44
   248 00000243 8B 45 08                        	MOV	EAX,DWORD [8+EBP]
   249 00000246 8B 55 08                        	MOV	EDX,DWORD [8+EBP]
   250 00000249 83 7D 0C 00                     	CMP	DWORD [12+EBP],0
   251 0000024D 8B 00                           	MOV	EAX,DWORD [EAX]
   252 0000024F 8B 52 04                        	MOV	EDX,DWORD [4+EDX]
   253 00000252 89 45 DC                        	MOV	DWORD [-36+EBP],EAX
   254 00000255 89 55 D8                        	MOV	DWORD [-40+EBP],EDX
   255 00000258 0F 88 00000137                  	JS	L89
   256 0000025E                                 L59:
   257 0000025E 83 7D 10 00                     	CMP	DWORD [16+EBP],0
   258 00000262 0F 88 00000121                  	JS	L90
   259 00000268                                 L60:
   260 00000268 8B 75 08                        	MOV	ESI,DWORD [8+EBP]
   261 0000026B 8B 46 08                        	MOV	EAX,DWORD [8+ESI]
   262 0000026E 39 45 14                        	CMP	DWORD [20+EBP],EAX
   263 00000271 7E 03                           	JLE	L61
   264 00000273 89 45 14                        	MOV	DWORD [20+EBP],EAX
   265 00000276                                 L61:
   266 00000276 8B 7D 08                        	MOV	EDI,DWORD [8+EBP]
   267 00000279 8B 47 0C                        	MOV	EAX,DWORD [12+EDI]
   268 0000027C 39 45 18                        	CMP	DWORD [24+EBP],EAX
   269 0000027F 7E 03                           	JLE	L62
   270 00000281 89 45 18                        	MOV	DWORD [24+EBP],EAX
   271 00000284                                 L62:
   272 00000284 8B 55 08                        	MOV	EDX,DWORD [8+EBP]
   273 00000287 8B 45 1C                        	MOV	EAX,DWORD [28+EBP]
   274 0000028A 89 45 F0                        	MOV	DWORD [-16+EBP],EAX
   275 0000028D 3B 42 10                        	CMP	EAX,DWORD [16+EDX]
   276 00000290 0F 8F 000000BF                  	JG	L84
   277 00000296                                 L82:
   278 00000296 8B 7D 08                        	MOV	EDI,DWORD [8+EBP]
   279 00000299 8B 75 F0                        	MOV	ESI,DWORD [-16+EBP]
   280 0000029C 8B 4D 10                        	MOV	ECX,DWORD [16+EBP]
   281 0000029F 8B 5C B7 14                     	MOV	EBX,DWORD [20+EDI+ESI*4]
   282 000002A3 8B 75 14                        	MOV	ESI,DWORD [20+EBP]
   283 000002A6 8B 03                           	MOV	EAX,DWORD [EBX]
   284 000002A8 8B 53 10                        	MOV	EDX,DWORD [16+EBX]
   285 000002AB 89 45 E0                        	MOV	DWORD [-32+EBP],EAX
   286 000002AE 29 D1                           	SUB	ECX,EDX
   287 000002B0 89 D8                           	MOV	EAX,EBX
   288 000002B2 29 F8                           	SUB	EAX,EDI
   289 000002B4 8B 7D 18                        	MOV	EDI,DWORD [24+EBP]
   290 000002B7 2D 00000414                     	SUB	EAX,1044
   291 000002BC 29 D7                           	SUB	EDI,EDX
   292 000002BE C1 F8 03                        	SAR	EAX,3
   293 000002C1 8B 55 0C                        	MOV	EDX,DWORD [12+EBP]
   294 000002C4 69 C0 CCCCCCCD                  	IMUL	EAX,EAX,-858993459
   295 000002CA 88 45 D7                        	MOV	BYTE [-41+EBP],AL
   296 000002CD 89 7D C8                        	MOV	DWORD [-56+EBP],EDI
   297 000002D0 8B 43 0C                        	MOV	EAX,DWORD [12+EBX]
   298 000002D3 29 C6                           	SUB	ESI,EAX
   299 000002D5 29 C2                           	SUB	EDX,EAX
   300 000002D7 89 75 E4                        	MOV	DWORD [-28+EBP],ESI
   301 000002DA 89 55 E8                        	MOV	DWORD [-24+EBP],EDX
   302 000002DD 0F 88 0000009A                  	JS	L91
   303 000002E3                                 L67:
   304 000002E3 85 C9                           	TEST	ECX,ECX
   305 000002E5 0F 88 0000008B                  	JS	L92
   306 000002EB                                 L68:
   307 000002EB 8B 43 04                        	MOV	EAX,DWORD [4+EBX]
   308 000002EE 39 45 E4                        	CMP	DWORD [-28+EBP],EAX
   309 000002F1 7E 03                           	JLE	L69
   310 000002F3 89 45 E4                        	MOV	DWORD [-28+EBP],EAX
   311 000002F6                                 L69:
   312 000002F6 8B 43 08                        	MOV	EAX,DWORD [8+EBX]
   313 000002F9 39 45 C8                        	CMP	DWORD [-56+EBP],EAX
   314 000002FC 7E 03                           	JLE	L70
   315 000002FE 89 45 C8                        	MOV	DWORD [-56+EBP],EAX
   316 00000301                                 L70:
   317 00000301 89 CE                           	MOV	ESI,ECX
   318 00000303 3B 4D C8                        	CMP	ECX,DWORD [-56+EBP]
   319 00000306 7D 3B                           	JGE	L86
   320 00000308                                 L81:
   321 00000308 8B 7B 10                        	MOV	EDI,DWORD [16+EBX]
   322 0000030B 8B 4D E8                        	MOV	ECX,DWORD [-24+EBP]
   323 0000030E 01 F7                           	ADD	EDI,ESI
   324 00000310 3B 4D E4                        	CMP	ECX,DWORD [-28+EBP]
   325 00000313 89 7D EC                        	MOV	DWORD [-20+EBP],EDI
   326 00000316 7D 25                           	JGE	L88
   327 00000318                                 L80:
   328 00000318 8B 55 08                        	MOV	EDX,DWORD [8+EBP]
   329 0000031B 8B 7D EC                        	MOV	EDI,DWORD [-20+EBP]
   330 0000031E 8B 43 0C                        	MOV	EAX,DWORD [12+EBX]
   331 00000321 0F AF 7A 08                     	IMUL	EDI,DWORD [8+EDX]
   332 00000325 01 C8                           	ADD	EAX,ECX
   333 00000327 8A 55 D7                        	MOV	DL,BYTE [-41+EBP]
   334 0000032A 01 F8                           	ADD	EAX,EDI
   335 0000032C 8B 7D D8                        	MOV	EDI,DWORD [-40+EBP]
   336 0000032F 89 45 CC                        	MOV	DWORD [-52+EBP],EAX
   337 00000332 38 14 38                        	CMP	BYTE [EAX+EDI*1],DL
   338 00000335 74 26                           	JE	L93
   339 00000337                                 L77:
   340 00000337 41                              	INC	ECX
   341 00000338 3B 4D E4                        	CMP	ECX,DWORD [-28+EBP]
   342 0000033B 7C DB                           	JL	L80
   343 0000033D                                 L88:
   344 0000033D 46                              	INC	ESI
   345 0000033E 3B 75 C8                        	CMP	ESI,DWORD [-56+EBP]
   346 00000341 7C C5                           	JL	L81
   347 00000343                                 L86:
   348 00000343 8B 7D 08                        	MOV	EDI,DWORD [8+EBP]
   349 00000346 FF 45 F0                        	INC	DWORD [-16+EBP]
   350 00000349 8B 75 F0                        	MOV	ESI,DWORD [-16+EBP]
   351 0000034C 3B 77 10                        	CMP	ESI,DWORD [16+EDI]
   352 0000034F 0F 8E FFFFFF41                  	JLE	L82
   353 00000355                                 L84:
   354 00000355 83 C4 2C                        	ADD	ESP,44
   355 00000358 5B                              	POP	EBX
   356 00000359 5E                              	POP	ESI
   357 0000035A 5F                              	POP	EDI
   358 0000035B 5D                              	POP	EBP
   359 0000035C C3                              	RET
   360 0000035D                                 L93:
   361 0000035D 89 F0                           	MOV	EAX,ESI
   362 0000035F 8B 55 E0                        	MOV	EDX,DWORD [-32+EBP]
   363 00000362 0F AF 43 04                     	IMUL	EAX,DWORD [4+EBX]
   364 00000366 01 C8                           	ADD	EAX,ECX
   365 00000368 8B 7D DC                        	MOV	EDI,DWORD [-36+EBP]
   366 0000036B 8A 04 10                        	MOV	AL,BYTE [EAX+EDX*1]
   367 0000036E 8B 55 CC                        	MOV	EDX,DWORD [-52+EBP]
   368 00000371 88 04 3A                        	MOV	BYTE [EDX+EDI*1],AL
   369 00000374 EB C1                           	JMP	L77
   370 00000376                                 L92:
   371 00000376 31 C9                           	XOR	ECX,ECX
   372 00000378 E9 FFFFFF6E                     	JMP	L68
   373 0000037D                                 L91:
   374 0000037D C7 45 E8 00000000               	MOV	DWORD [-24+EBP],0
   375 00000384 E9 FFFFFF5A                     	JMP	L67
   376 00000389                                 L90:
   377 00000389 C7 45 10 00000000               	MOV	DWORD [16+EBP],0
   378 00000390 E9 FFFFFED3                     	JMP	L60
   379 00000395                                 L89:
   380 00000395 C7 45 0C 00000000               	MOV	DWORD [12+EBP],0
   381 0000039C E9 FFFFFEBD                     	JMP	L59
   382 000003A1                                 	GLOBAL	_sheet_updown
   383 000003A1                                 _sheet_updown:
   384 000003A1 55                              	PUSH	EBP
   385 000003A2 89 E5                           	MOV	EBP,ESP
   386 000003A4 57                              	PUSH	EDI
   387 000003A5 56                              	PUSH	ESI
   388 000003A6 53                              	PUSH	EBX
   389 000003A7 51                              	PUSH	ECX
   390 000003A8 8B 7D 08                        	MOV	EDI,DWORD [8+EBP]
   391 000003AB 8B 5D 0C                        	MOV	EBX,DWORD [12+EBP]
   392 000003AE 8B 77 20                        	MOV	ESI,DWORD [32+EDI]
   393 000003B1 8B 47 18                        	MOV	EAX,DWORD [24+EDI]
   394 000003B4 89 45 F0                        	MOV	DWORD [-16+EBP],EAX
   395 000003B7 8B 46 10                        	MOV	EAX,DWORD [16+ESI]
   396 000003BA 40                              	INC	EAX
   397 000003BB 39 C3                           	CMP	EBX,EAX
   398 000003BD 7E 02                           	JLE	L95
   399 000003BF 89 C3                           	MOV	EBX,EAX
   400 000003C1                                 L95:
   401 000003C1 83 FB FF                        	CMP	EBX,-1
   402 000003C4 7D 03                           	JGE	L96
   403 000003C6 83 CB FF                        	OR	EBX,-1
   404 000003C9                                 L96:
   405 000003C9 89 5F 18                        	MOV	DWORD [24+EDI],EBX
   406 000003CC 39 5D F0                        	CMP	DWORD [-16+EBP],EBX
   407 000003CF 0F 8E 000000A8                  	JLE	L97
   408 000003D5 85 DB                           	TEST	EBX,EBX
   409 000003D7 78 5C                           	JS	L98
   410 000003D9 8B 4D F0                        	MOV	ECX,DWORD [-16+EBP]
   411 000003DC                                 L103:
   412 000003DC 8B 44 8E 10                     	MOV	EAX,DWORD [16+ESI+ECX*4]
   413 000003E0 89 44 8E 14                     	MOV	DWORD [20+ESI+ECX*4],EAX
   414 000003E4 89 48 18                        	MOV	DWORD [24+EAX],ECX
   415 000003E7 49                              	DEC	ECX
   416 000003E8 39 D9                           	CMP	ECX,EBX
   417 000003EA 7F F0                           	JG	L103
   418 000003EC 89 7C 9E 14                     	MOV	DWORD [20+ESI+EBX*4],EDI
   419 000003F0 43                              	INC	EBX
   420 000003F1 53                              	PUSH	EBX
   421 000003F2 8B 4F 10                        	MOV	ECX,DWORD [16+EDI]
   422 000003F5 89 C8                           	MOV	EAX,ECX
   423 000003F7 03 47 08                        	ADD	EAX,DWORD [8+EDI]
   424 000003FA 50                              	PUSH	EAX
   425 000003FB 8B 57 0C                        	MOV	EDX,DWORD [12+EDI]
   426 000003FE 89 D0                           	MOV	EAX,EDX
   427 00000400 03 47 04                        	ADD	EAX,DWORD [4+EDI]
   428 00000403 50                              	PUSH	EAX
   429 00000404 51                              	PUSH	ECX
   430 00000405 52                              	PUSH	EDX
   431 00000406 56                              	PUSH	ESI
   432 00000407 E8 FFFFFCD1                     	CALL	_sheet_refreshmap
   433 0000040C FF 75 F0                        	PUSH	DWORD [-16+EBP]
   434 0000040F                                 L133:
   435 0000040F 53                              	PUSH	EBX
   436 00000410                                 L132:
   437 00000410 8B 4F 10                        	MOV	ECX,DWORD [16+EDI]
   438 00000413 89 C8                           	MOV	EAX,ECX
   439 00000415 03 47 08                        	ADD	EAX,DWORD [8+EDI]
   440 00000418 50                              	PUSH	EAX
   441 00000419 8B 57 0C                        	MOV	EDX,DWORD [12+EDI]
   442 0000041C 89 D0                           	MOV	EAX,EDX
   443 0000041E 03 47 04                        	ADD	EAX,DWORD [4+EDI]
   444 00000421 50                              	PUSH	EAX
   445 00000422 51                              	PUSH	ECX
   446 00000423 52                              	PUSH	EDX
   447 00000424 56                              	PUSH	ESI
   448 00000425 E8 FFFFFE10                     	CALL	_sheet_refreshsub
   449 0000042A 83 C4 34                        	ADD	ESP,52
   450 0000042D                                 L94:
   451 0000042D 8D 65 F4                        	LEA	ESP,DWORD [-12+EBP]
   452 00000430 5B                              	POP	EBX
   453 00000431 5E                              	POP	ESI
   454 00000432 5F                              	POP	EDI
   455 00000433 5D                              	POP	EBP
   456 00000434 C3                              	RET
   457 00000435                                 L98:
   458 00000435 8B 46 10                        	MOV	EAX,DWORD [16+ESI]
   459 00000438 3B 45 F0                        	CMP	EAX,DWORD [-16+EBP]
   460 0000043B 7E 18                           	JLE	L105
   461 0000043D 8B 4D F0                        	MOV	ECX,DWORD [-16+EBP]
   462 00000440 39 C1                           	CMP	ECX,EAX
   463 00000442 7D 11                           	JGE	L105
   464 00000444                                 L110:
   465 00000444 8B 44 8E 18                     	MOV	EAX,DWORD [24+ESI+ECX*4]
   466 00000448 89 44 8E 14                     	MOV	DWORD [20+ESI+ECX*4],EAX
   467 0000044C 89 48 18                        	MOV	DWORD [24+EAX],ECX
   468 0000044F 41                              	INC	ECX
   469 00000450 3B 4E 10                        	CMP	ECX,DWORD [16+ESI]
   470 00000453 7C EF                           	JL	L110
   471 00000455                                 L105:
   472 00000455 FF 4E 10                        	DEC	DWORD [16+ESI]
   473 00000458 6A 00                           	PUSH	0
   474 0000045A 8B 4F 10                        	MOV	ECX,DWORD [16+EDI]
   475 0000045D 89 C8                           	MOV	EAX,ECX
   476 0000045F 03 47 08                        	ADD	EAX,DWORD [8+EDI]
   477 00000462 50                              	PUSH	EAX
   478 00000463 8B 57 0C                        	MOV	EDX,DWORD [12+EDI]
   479 00000466 89 D0                           	MOV	EAX,EDX
   480 00000468 03 47 04                        	ADD	EAX,DWORD [4+EDI]
   481 0000046B 50                              	PUSH	EAX
   482 0000046C 51                              	PUSH	ECX
   483 0000046D 52                              	PUSH	EDX
   484 0000046E 56                              	PUSH	ESI
   485 0000046F E8 FFFFFC69                     	CALL	_sheet_refreshmap
   486 00000474 8B 45 F0                        	MOV	EAX,DWORD [-16+EBP]
   487 00000477 48                              	DEC	EAX
   488 00000478 50                              	PUSH	EAX
   489 00000479 6A 00                           	PUSH	0
   490 0000047B EB 93                           	JMP	L132
   491 0000047D                                 L97:
   492 0000047D 39 5D F0                        	CMP	DWORD [-16+EBP],EBX
   493 00000480 7D AB                           	JGE	L94
   494 00000482 83 7D F0 00                     	CMP	DWORD [-16+EBP],0
   495 00000486 78 3C                           	JS	L113
   496 00000488 8B 4D F0                        	MOV	ECX,DWORD [-16+EBP]
   497 0000048B 39 D9                           	CMP	ECX,EBX
   498 0000048D 7D 10                           	JGE	L129
   499 0000048F                                 L118:
   500 0000048F 8B 44 8E 18                     	MOV	EAX,DWORD [24+ESI+ECX*4]
   501 00000493 89 44 8E 14                     	MOV	DWORD [20+ESI+ECX*4],EAX
   502 00000497 89 48 18                        	MOV	DWORD [24+EAX],ECX
   503 0000049A 41                              	INC	ECX
   504 0000049B 39 D9                           	CMP	ECX,EBX
   505 0000049D 7C F0                           	JL	L118
   506 0000049F                                 L129:
   507 0000049F 89 7C 9E 14                     	MOV	DWORD [20+ESI+EBX*4],EDI
   508 000004A3                                 L119:
   509 000004A3 53                              	PUSH	EBX
   510 000004A4 8B 4F 10                        	MOV	ECX,DWORD [16+EDI]
   511 000004A7 89 C8                           	MOV	EAX,ECX
   512 000004A9 03 47 08                        	ADD	EAX,DWORD [8+EDI]
   513 000004AC 50                              	PUSH	EAX
   514 000004AD 8B 57 0C                        	MOV	EDX,DWORD [12+EDI]
   515 000004B0 89 D0                           	MOV	EAX,EDX
   516 000004B2 03 47 04                        	ADD	EAX,DWORD [4+EDI]
   517 000004B5 50                              	PUSH	EAX
   518 000004B6 51                              	PUSH	ECX
   519 000004B7 52                              	PUSH	EDX
   520 000004B8 56                              	PUSH	ESI
   521 000004B9 E8 FFFFFC1F                     	CALL	_sheet_refreshmap
   522 000004BE 53                              	PUSH	EBX
   523 000004BF E9 FFFFFF4B                     	JMP	L133
   524 000004C4                                 L113:
   525 000004C4 8B 4E 10                        	MOV	ECX,DWORD [16+ESI]
   526 000004C7 39 D9                           	CMP	ECX,EBX
   527 000004C9 7C 13                           	JL	L131
   528 000004CB                                 L124:
   529 000004CB 8B 54 8E 14                     	MOV	EDX,DWORD [20+ESI+ECX*4]
   530 000004CF 8D 41 01                        	LEA	EAX,DWORD [1+ECX]
   531 000004D2 89 54 8E 18                     	MOV	DWORD [24+ESI+ECX*4],EDX
   532 000004D6 49                              	DEC	ECX
   533 000004D7 89 42 18                        	MOV	DWORD [24+EDX],EAX
   534 000004DA 39 D9                           	CMP	ECX,EBX
   535 000004DC 7D ED                           	JGE	L124
   536 000004DE                                 L131:
   537 000004DE 89 7C 9E 14                     	MOV	DWORD [20+ESI+EBX*4],EDI
   538 000004E2 FF 46 10                        	INC	DWORD [16+ESI]
   539 000004E5 EB BC                           	JMP	L119
   540 000004E7                                 	GLOBAL	_sheet_refresh
   541 000004E7                                 _sheet_refresh:
   542 000004E7 55                              	PUSH	EBP
   543 000004E8 89 E5                           	MOV	EBP,ESP
   544 000004EA 53                              	PUSH	EBX
   545 000004EB 8B 5D 08                        	MOV	EBX,DWORD [8+EBP]
   546 000004EE 8B 43 18                        	MOV	EAX,DWORD [24+EBX]
   547 000004F1 85 C0                           	TEST	EAX,EAX
   548 000004F3 78 27                           	JS	L134
   549 000004F5 50                              	PUSH	EAX
   550 000004F6 50                              	PUSH	EAX
   551 000004F7 8B 4B 10                        	MOV	ECX,DWORD [16+EBX]
   552 000004FA 89 C8                           	MOV	EAX,ECX
   553 000004FC 03 4D 10                        	ADD	ECX,DWORD [16+EBP]
   554 000004FF 03 45 18                        	ADD	EAX,DWORD [24+EBP]
   555 00000502 50                              	PUSH	EAX
   556 00000503 8B 53 0C                        	MOV	EDX,DWORD [12+EBX]
   557 00000506 89 D0                           	MOV	EAX,EDX
   558 00000508 03 55 0C                        	ADD	EDX,DWORD [12+EBP]
   559 0000050B 03 45 14                        	ADD	EAX,DWORD [20+EBP]
   560 0000050E 50                              	PUSH	EAX
   561 0000050F 51                              	PUSH	ECX
   562 00000510 52                              	PUSH	EDX
   563 00000511 FF 73 20                        	PUSH	DWORD [32+EBX]
   564 00000514 E8 FFFFFD21                     	CALL	_sheet_refreshsub
   565 00000519 83 C4 1C                        	ADD	ESP,28
   566 0000051C                                 L134:
   567 0000051C 8B 5D FC                        	MOV	EBX,DWORD [-4+EBP]
   568 0000051F C9                              	LEAVE
   569 00000520 C3                              	RET
   570 00000521                                 	GLOBAL	_sheet_slide
   571 00000521                                 _sheet_slide:
   572 00000521 55                              	PUSH	EBP
   573 00000522 89 E5                           	MOV	EBP,ESP
   574 00000524 57                              	PUSH	EDI
   575 00000525 56                              	PUSH	ESI
   576 00000526 53                              	PUSH	EBX
   577 00000527 53                              	PUSH	EBX
   578 00000528 8B 5D 08                        	MOV	EBX,DWORD [8+EBP]
   579 0000052B 8B 43 20                        	MOV	EAX,DWORD [32+EBX]
   580 0000052E 8B 7B 0C                        	MOV	EDI,DWORD [12+EBX]
   581 00000531 89 45 F0                        	MOV	DWORD [-16+EBP],EAX
   582 00000534 8B 73 10                        	MOV	ESI,DWORD [16+EBX]
   583 00000537 8B 45 0C                        	MOV	EAX,DWORD [12+EBP]
   584 0000053A 89 43 0C                        	MOV	DWORD [12+EBX],EAX
   585 0000053D 8B 45 10                        	MOV	EAX,DWORD [16+EBP]
   586 00000540 89 43 10                        	MOV	DWORD [16+EBX],EAX
   587 00000543 83 7B 18 00                     	CMP	DWORD [24+EBX],0
   588 00000547 78 7C                           	JS	L136
   589 00000549 6A 00                           	PUSH	0
   590 0000054B 89 F0                           	MOV	EAX,ESI
   591 0000054D 03 43 08                        	ADD	EAX,DWORD [8+EBX]
   592 00000550 50                              	PUSH	EAX
   593 00000551 89 F8                           	MOV	EAX,EDI
   594 00000553 03 43 04                        	ADD	EAX,DWORD [4+EBX]
   595 00000556 50                              	PUSH	EAX
   596 00000557 56                              	PUSH	ESI
   597 00000558 57                              	PUSH	EDI
   598 00000559 FF 75 F0                        	PUSH	DWORD [-16+EBP]
   599 0000055C E8 FFFFFB7C                     	CALL	_sheet_refreshmap
   600 00000561 8B 45 10                        	MOV	EAX,DWORD [16+EBP]
   601 00000564 FF 73 18                        	PUSH	DWORD [24+EBX]
   602 00000567 03 43 08                        	ADD	EAX,DWORD [8+EBX]
   603 0000056A 50                              	PUSH	EAX
   604 0000056B 8B 45 0C                        	MOV	EAX,DWORD [12+EBP]
   605 0000056E 03 43 04                        	ADD	EAX,DWORD [4+EBX]
   606 00000571 50                              	PUSH	EAX
   607 00000572 FF 75 10                        	PUSH	DWORD [16+EBP]
   608 00000575 FF 75 0C                        	PUSH	DWORD [12+EBP]
   609 00000578 FF 75 F0                        	PUSH	DWORD [-16+EBP]
   610 0000057B E8 FFFFFB5D                     	CALL	_sheet_refreshmap
   611 00000580 8B 43 18                        	MOV	EAX,DWORD [24+EBX]
   612 00000583 83 C4 30                        	ADD	ESP,48
   613 00000586 48                              	DEC	EAX
   614 00000587 50                              	PUSH	EAX
   615 00000588 89 F0                           	MOV	EAX,ESI
   616 0000058A 6A 00                           	PUSH	0
   617 0000058C 03 43 08                        	ADD	EAX,DWORD [8+EBX]
   618 0000058F 50                              	PUSH	EAX
   619 00000590 89 F8                           	MOV	EAX,EDI
   620 00000592 03 43 04                        	ADD	EAX,DWORD [4+EBX]
   621 00000595 50                              	PUSH	EAX
   622 00000596 56                              	PUSH	ESI
   623 00000597 57                              	PUSH	EDI
   624 00000598 FF 75 F0                        	PUSH	DWORD [-16+EBP]
   625 0000059B E8 FFFFFC9A                     	CALL	_sheet_refreshsub
   626 000005A0 8B 45 10                        	MOV	EAX,DWORD [16+EBP]
   627 000005A3 FF 73 18                        	PUSH	DWORD [24+EBX]
   628 000005A6 FF 73 18                        	PUSH	DWORD [24+EBX]
   629 000005A9 03 43 08                        	ADD	EAX,DWORD [8+EBX]
   630 000005AC 50                              	PUSH	EAX
   631 000005AD 8B 45 0C                        	MOV	EAX,DWORD [12+EBP]
   632 000005B0 03 43 04                        	ADD	EAX,DWORD [4+EBX]
   633 000005B3 50                              	PUSH	EAX
   634 000005B4 FF 75 10                        	PUSH	DWORD [16+EBP]
   635 000005B7 FF 75 0C                        	PUSH	DWORD [12+EBP]
   636 000005BA FF 75 F0                        	PUSH	DWORD [-16+EBP]
   637 000005BD E8 FFFFFC78                     	CALL	_sheet_refreshsub
   638 000005C2 83 C4 38                        	ADD	ESP,56
   639 000005C5                                 L136:
   640 000005C5 8D 65 F4                        	LEA	ESP,DWORD [-12+EBP]
   641 000005C8 5B                              	POP	EBX
   642 000005C9 5E                              	POP	ESI
   643 000005CA 5F                              	POP	EDI
   644 000005CB 5D                              	POP	EBP
   645 000005CC C3                              	RET
   646 000005CD                                 	GLOBAL	_sheet_free
   647 000005CD                                 _sheet_free:
   648 000005CD 55                              	PUSH	EBP
   649 000005CE 89 E5                           	MOV	EBP,ESP
   650 000005D0 53                              	PUSH	EBX
   651 000005D1 8B 5D 08                        	MOV	EBX,DWORD [8+EBP]
   652 000005D4 83 7B 18 00                     	CMP	DWORD [24+EBX],0
   653 000005D8 78 0A                           	JS	L139
   654 000005DA 6A FF                           	PUSH	-1
   655 000005DC 53                              	PUSH	EBX
   656 000005DD E8 FFFFFDBF                     	CALL	_sheet_updown
   657 000005E2 58                              	POP	EAX
   658 000005E3 5A                              	POP	EDX
   659 000005E4                                 L139:
   660 000005E4 C7 43 1C 00000000               	MOV	DWORD [28+EBX],0
   661 000005EB 8B 5D FC                        	MOV	EBX,DWORD [-4+EBP]
   662 000005EE C9                              	LEAVE
   663 000005EF C3                              	RET
